============================= test session starts ==============================
platform darwin -- Python 3.10.11, pytest-9.0.2, pluggy-1.6.0 -- /Users/patrickroebuck/attune-ai/.venv/bin/python
cachedir: .pytest_cache
rootdir: /Users/patrickroebuck/attune-ai
configfile: pytest.ini (WARNING: ignoring pytest config in pyproject.toml!)
plugins: anyio-4.12.1, mock-3.15.1, xdist-3.8.0, asyncio-1.3.0, testmon-2.2.0, picked-0.5.1, cov-7.0.0
asyncio: mode=auto, debug=False, asyncio_default_fixture_loop_scope=function, asyncio_default_test_loop_scope=function
collecting ... collected 6266 items / 7 skipped

tests/unit/adaptive/test_task_complexity.py::TestTaskComplexityEnum::test_enum_values PASSED [  0%]
tests/unit/adaptive/test_task_complexity.py::TestTaskComplexityEnum::test_enum_members PASSED [  0%]
tests/unit/adaptive/test_task_complexity.py::TestComplexityScore::test_initialization PASSED [  0%]
tests/unit/adaptive/test_task_complexity.py::TestTaskComplexityScorerInitialization::test_initialization_with_tiktoken PASSED [  0%]
tests/unit/adaptive/test_task_complexity.py::TestTaskComplexityScorerInitialization::test_initialization_without_tiktoken PASSED [  0%]
tests/unit/adaptive/test_task_complexity.py::TestTaskComplexityScorerSimpleTasks::test_simple_task_with_tokenizer PASSED [  0%]
tests/unit/adaptive/test_task_complexity.py::TestTaskComplexityScorerSimpleTasks::test_simple_task_without_tokenizer PASSED [  0%]
tests/unit/adaptive/test_task_complexity.py::TestTaskComplexityScorerSimpleTasks::test_simple_task_with_small_context PASSED [  0%]
tests/unit/adaptive/test_task_complexity.py::TestTaskComplexityScorerModerateTasks::test_moderate_task PASSED [  0%]
tests/unit/adaptive/test_task_complexity.py::TestTaskComplexityScorerModerateTasks::test_moderate_task_with_files PASSED [  0%]
tests/unit/adaptive/test_task_complexity.py::TestTaskComplexityScorerComplexTasks::test_complex_task PASSED [  0%]
tests/unit/adaptive/test_task_complexity.py::TestTaskComplexityScorerComplexTasks::test_complex_task_with_many_files PASSED [  0%]
tests/unit/adaptive/test_task_complexity.py::TestTaskComplexityScorerVeryComplexTasks::test_very_complex_task PASSED [  0%]
tests/unit/adaptive/test_task_complexity.py::TestTaskComplexityScorerVeryComplexTasks::test_very_complex_by_tokens_only PASSED [  0%]
tests/unit/adaptive/test_task_complexity.py::TestTaskComplexityScorerVeryComplexTasks::test_very_complex_by_lines_only PASSED [  0%]
tests/unit/adaptive/test_task_complexity.py::TestTaskComplexityScorerEdgeCases::test_fallback_estimation_accuracy PASSED [  0%]
tests/unit/adaptive/test_task_complexity.py::TestTaskComplexityScorerEdgeCases::test_empty_description PASSED [  0%]
tests/unit/adaptive/test_task_complexity.py::TestTaskComplexityScorerEdgeCases::test_no_context_no_files PASSED [  0%]
tests/unit/adaptive/test_task_complexity.py::TestTaskComplexityScorerEdgeCases::test_empty_files_list PASSED [  0%]
tests/unit/adaptive/test_task_complexity.py::TestTaskComplexityScorerEdgeCases::test_boundary_simple_moderate PASSED [  0%]
tests/unit/adaptive/test_task_complexity.py::TestTaskComplexityScorerEdgeCases::test_boundary_moderate_complex PASSED [  0%]
tests/unit/adaptive/test_task_complexity.py::TestTaskComplexityScorerEdgeCases::test_boundary_complex_very_complex PASSED [  0%]
tests/unit/adaptive/test_task_complexity_coverage_boost.py::TestTaskComplexity::test_enum_values_exist PASSED [  0%]
tests/unit/adaptive/test_task_complexity_coverage_boost.py::TestTaskComplexity::test_enum_count PASSED [  0%]
tests/unit/adaptive/test_task_complexity_coverage_boost.py::TestTaskComplexity::test_enum_is_string_enum PASSED [  0%]
tests/unit/adaptive/test_task_complexity_coverage_boost.py::TestComplexityScore::test_create_score_with_all_fields PASSED [  0%]
tests/unit/adaptive/test_task_complexity_coverage_boost.py::TestComplexityScore::test_create_simple_score PASSED [  0%]
tests/unit/adaptive/test_task_complexity_coverage_boost.py::TestComplexityScore::test_create_very_complex_score PASSED [  0%]
tests/unit/adaptive/test_task_complexity_coverage_boost.py::TestTaskComplexityScorerInit::test_scorer_initializes PASSED [  0%]
tests/unit/adaptive/test_task_complexity_coverage_boost.py::TestTaskComplexityScorerInit::test_scorer_has_tokenizer_attribute PASSED [  0%]
tests/unit/adaptive/test_task_complexity_coverage_boost.py::TestScoreSimpleTasks::test_score_simple_description_only PASSED [  0%]
tests/unit/adaptive/test_task_complexity_coverage_boost.py::TestScoreSimpleTasks::test_score_simple_with_one_file PASSED [  0%]
tests/unit/adaptive/test_task_complexity_coverage_boost.py::TestConfidenceScores::test_confidence_with_tokenizer PASSED [  0%]
tests/unit/adaptive/test_task_complexity_coverage_boost.py::TestConfidenceScores::test_confidence_is_valid_range PASSED [  0%]
tests/unit/adaptive/test_task_complexity_coverage_boost.py::TestEdgeCases::test_score_empty_description PASSED [  0%]
tests/unit/adaptive/test_task_complexity_coverage_boost.py::TestEdgeCases::test_score_with_none_context PASSED [  0%]
tests/unit/adaptive/test_task_complexity_coverage_boost.py::TestEdgeCases::test_score_with_none_files PASSED [  0%]
tests/unit/adaptive/test_task_complexity_coverage_boost.py::TestEdgeCases::test_score_with_empty_files_list PASSED [  0%]
tests/unit/adaptive/test_task_complexity_coverage_boost.py::TestEdgeCases::test_score_returns_complexity_score PASSED [  0%]
tests/unit/cache/test_cache_base.py::TestCacheEntry::test_create_entry_with_all_fields PASSED [  0%]
tests/unit/cache/test_cache_base.py::TestCacheEntry::test_create_entry_without_ttl PASSED [  0%]
tests/unit/cache/test_cache_base.py::TestCacheEntry::test_is_expired_with_no_ttl_returns_false PASSED [  0%]
tests/unit/cache/test_cache_base.py::TestCacheEntry::test_is_expired_within_ttl_returns_false PASSED [  0%]
tests/unit/cache/test_cache_base.py::TestCacheEntry::test_is_expired_at_exact_ttl_returns_false PASSED [  0%]
tests/unit/cache/test_cache_base.py::TestCacheEntry::test_is_expired_after_ttl_returns_true PASSED [  0%]
tests/unit/cache/test_cache_base.py::TestCacheEntry::test_entry_stores_complex_response PASSED [  0%]
tests/unit/cache/test_cache_base.py::TestCacheStats::test_default_values PASSED [  0%]
tests/unit/cache/test_cache_base.py::TestCacheStats::test_total_property PASSED [  0%]
tests/unit/cache/test_cache_base.py::TestCacheStats::test_hit_rate_with_zero_total_returns_zero PASSED [  0%]
tests/unit/cache/test_cache_base.py::TestCacheStats::test_hit_rate_all_hits PASSED [  0%]
tests/unit/cache/test_cache_base.py::TestCacheStats::test_hit_rate_all_misses PASSED [  0%]
tests/unit/cache/test_cache_base.py::TestCacheStats::test_hit_rate_mixed PASSED [  0%]
tests/unit/cache/test_cache_base.py::TestCacheStats::test_hit_rate_fractional PASSED [  0%]
tests/unit/cache/test_cache_base.py::TestCacheStats::test_to_dict PASSED [  0%]
tests/unit/cache/test_cache_base.py::TestBaseCacheKeyGeneration::test_cache_key_is_deterministic PASSED [  0%]
tests/unit/cache/test_cache_base.py::TestBaseCacheKeyGeneration::test_cache_key_is_64_chars PASSED [  0%]
tests/unit/cache/test_cache_base.py::TestBaseCacheKeyGeneration::test_different_inputs_produce_different_keys PASSED [  0%]
tests/unit/cache/test_cache_base.py::TestBaseCacheKeyGeneration::test_default_ttl_is_one_day PASSED [  0%]
tests/unit/cache/test_cache_base.py::TestBaseCacheKeyGeneration::test_custom_max_size_and_ttl PASSED [  0%]
tests/unit/cache/test_cache_base.py::TestBaseCacheKeyGeneration::test_stats_initialized PASSED [  0%]
tests/unit/cache/test_dependency_manager.py::TestDependencyManager::test_init_creates_config_path PASSED [  0%]
tests/unit/cache/test_dependency_manager.py::TestDependencyManager::test_is_cache_installed_true FAILED [  0%]
tests/unit/cache/test_dependency_manager.py::TestDependencyManager::test_is_cache_installed_false PASSED [  1%]
tests/unit/cache/test_dependency_manager.py::TestDependencyManager::test_should_prompt_when_not_installed PASSED [  1%]
tests/unit/cache/test_dependency_manager.py::TestDependencyManager::test_should_not_prompt_when_already_installed PASSED [  1%]
tests/unit/cache/test_dependency_manager.py::TestDependencyManager::test_should_not_prompt_when_declined PASSED [  1%]
tests/unit/cache/test_dependency_manager.py::TestDependencyManager::test_should_not_prompt_when_already_shown PASSED [  1%]
tests/unit/cache/test_dependency_manager.py::TestDependencyManager::test_should_not_prompt_when_disabled PASSED [  1%]
tests/unit/cache/test_dependency_manager.py::TestDependencyManager::test_prompt_cache_install_accept PASSED [  1%]
tests/unit/cache/test_dependency_manager.py::TestDependencyManager::test_prompt_cache_install_decline PASSED [  1%]
tests/unit/cache/test_dependency_manager.py::TestDependencyManager::test_prompt_cache_install_keyboard_interrupt PASSED [  1%]
tests/unit/cache/test_dependency_manager.py::TestDependencyManager::test_install_cache_dependencies_success PASSED [  1%]
tests/unit/cache/test_dependency_manager.py::TestDependencyManager::test_install_cache_dependencies_failure PASSED [  1%]
tests/unit/cache/test_dependency_manager.py::TestDependencyManager::test_disable_prompts PASSED [  1%]
tests/unit/cache/test_dependency_manager.py::TestDependencyManager::test_enable_prompts PASSED [  1%]
tests/unit/cache/test_dependency_manager.py::TestDependencyManager::test_get_config PASSED [  1%]
tests/unit/cache/test_dependency_manager.py::TestDependencyManager::test_set_config PASSED [  1%]
tests/unit/cache/test_eviction_policies.py::TestEvictionPolicies::test_ttl_expiration_basic PASSED [  1%]
tests/unit/cache/test_eviction_policies.py::TestEvictionPolicies::test_ttl_none_never_expires PASSED [  1%]
tests/unit/cache/test_eviction_policies.py::TestEvictionPolicies::test_storage_auto_cleanup_expired_on_load PASSED [  1%]
tests/unit/cache/test_eviction_policies.py::TestEvictionPolicies::test_storage_put_and_get_round_trip PASSED [  1%]
tests/unit/cache/test_eviction_policies.py::TestEvictionPolicies::test_storage_get_nonexistent_returns_none PASSED [  1%]
tests/unit/cache/test_eviction_policies.py::TestEvictionPolicies::test_storage_clear_removes_all_entries PASSED [  1%]
tests/unit/cache/test_eviction_policies.py::TestEvictionPolicies::test_storage_persistent_across_instances PASSED [  1%]
tests/unit/cache/test_eviction_policies.py::TestEvictionPolicies::test_ttl_zero_expires_immediately PASSED [  1%]
tests/unit/cache/test_eviction_policies.py::TestEvictionPolicies::test_storage_eviction_on_size_limit PASSED [  1%]
tests/unit/cache/test_eviction_policies.py::TestEvictionPolicies::test_cache_hit_for_valid_entry PASSED [  1%]
tests/unit/cache/test_eviction_policies.py::TestEvictionPolicies::test_cache_miss_for_nonexistent_key PASSED [  1%]
tests/unit/cache/test_eviction_policies.py::TestEvictionPolicies::test_ttl_expiration_edge_case_exact_time PASSED [  1%]
tests/unit/cache/test_eviction_policies.py::TestEvictionPolicies::test_storage_cleanup_multiple_expired_entries PASSED [  1%]
tests/unit/cache/test_eviction_policies.py::TestEvictionPolicies::test_ttl_negative_value_expires_immediately PASSED [  1%]
tests/unit/cache/test_eviction_policies.py::TestEvictionPolicies::test_storage_preserves_entry_metadata PASSED [  1%]
tests/unit/cache/test_eviction_policies.py::TestMemoryManagement::test_storage_load_from_disk PASSED [  1%]
tests/unit/cache/test_eviction_policies.py::TestMemoryManagement::test_storage_save_to_disk_creates_file PASSED [  1%]
tests/unit/cache/test_eviction_policies.py::TestMemoryManagement::test_storage_directory_creation PASSED [  1%]
tests/unit/cache/test_eviction_policies.py::TestMemoryManagement::test_cache_stats_hit_rate_calculation PASSED [  1%]
tests/unit/cache/test_eviction_policies.py::TestMemoryManagement::test_cache_stats_zero_lookups_hit_rate PASSED [  1%]
tests/unit/cache/test_eviction_policies.py::TestMemoryManagement::test_cache_stats_to_dict PASSED [  1%]
tests/unit/cache/test_eviction_policies.py::TestMemoryManagement::test_storage_memory_footprint_tracking PASSED [  1%]
tests/unit/cache/test_eviction_policies.py::TestMemoryManagement::test_storage_disk_size_limit_enforcement PASSED [  1%]
tests/unit/cache/test_eviction_policies.py::TestMemoryManagement::test_cache_stats_incremental_updates PASSED [  1%]
tests/unit/cache/test_eviction_policies.py::TestMemoryManagement::test_storage_handles_corrupt_cache_file PASSED [  1%]
tests/unit/cache/test_eviction_policies.py::TestMemoryManagement::test_storage_multiple_save_operations PASSED [  1%]
tests/unit/cache/test_eviction_policies.py::TestMemoryManagement::test_cache_stats_eviction_tracking PASSED [  1%]
tests/unit/cache/test_eviction_policies.py::TestStorageOperations::test_put_updates_existing_entry PASSED [  1%]
tests/unit/cache/test_eviction_policies.py::TestStorageOperations::test_get_expired_entry_returns_none PASSED [  1%]
tests/unit/cache/test_eviction_policies.py::TestStorageOperations::test_multiple_entries_distinct_keys PASSED [  1%]
tests/unit/cache/test_eviction_policies.py::TestStorageOperations::test_storage_empty_after_initialization PASSED [  1%]
tests/unit/cache/test_eviction_policies.py::TestStorageOperations::test_auto_save_persists_immediately PASSED [  1%]
tests/unit/cache/test_eviction_policies.py::TestStorageOperations::test_cache_entry_dataclass_structure PASSED [  1%]
tests/unit/cache/test_eviction_policies.py::TestStorageOperations::test_delete_entry_by_key PASSED [  1%]
tests/unit/cache/test_eviction_policies.py::TestStorageOperations::test_storage_handles_unicode_keys_and_values PASSED [  1%]
tests/unit/cache/test_eviction_policies.py::TestConcurrentAccess::test_storage_multiple_puts_same_key PASSED [  1%]
tests/unit/cache/test_eviction_policies.py::TestConcurrentAccess::test_storage_isolation_between_instances PASSED [  1%]
tests/unit/cache/test_eviction_policies.py::TestConcurrentAccess::test_storage_read_write_interleaving PASSED [  1%]
tests/unit/cache/test_hash_cache.py::TestHashOnlyCache::test_init PASSED [  1%]
tests/unit/cache/test_hash_cache.py::TestHashOnlyCache::test_cache_miss PASSED [  1%]
tests/unit/cache/test_hash_cache.py::TestHashOnlyCache::test_cache_hit_exact_match PASSED [  1%]
tests/unit/cache/test_hash_cache.py::TestHashOnlyCache::test_cache_miss_different_prompt PASSED [  1%]
tests/unit/cache/test_hash_cache.py::TestHashOnlyCache::test_cache_key_includes_model PASSED [  1%]
tests/unit/cache/test_hash_cache.py::TestHashOnlyCache::test_cache_key_includes_workflow_and_stage PASSED [  1%]
tests/unit/cache/test_hash_cache.py::TestHashOnlyCache::test_ttl_expiration PASSED [  1%]
tests/unit/cache/test_hash_cache.py::TestHashOnlyCache::test_custom_ttl PASSED [  1%]
tests/unit/cache/test_hash_cache.py::TestHashOnlyCache::test_evict_expired PASSED [  1%]
tests/unit/cache/test_hash_cache.py::TestHashOnlyCache::test_clear_cache PASSED [  1%]
tests/unit/cache/test_hash_cache.py::TestHashOnlyCache::test_lru_eviction PASSED [  2%]
tests/unit/cache/test_hash_cache.py::TestHashOnlyCache::test_hit_rate_calculation PASSED [  2%]
tests/unit/cache/test_hash_cache.py::TestHashOnlyCache::test_size_info PASSED [  2%]
tests/unit/cache/test_hash_cache.py::TestHashOnlyCache::test_access_time_tracking PASSED [  2%]
tests/unit/cache/test_hash_only_coverage_boost.py::TestHashOnlyCacheInitialization::test_init_with_defaults PASSED [  2%]
tests/unit/cache/test_hash_only_coverage_boost.py::TestHashOnlyCacheInitialization::test_init_with_custom_parameters PASSED [  2%]
tests/unit/cache/test_hash_only_coverage_boost.py::TestHashOnlyCacheInitialization::test_init_creates_cache_stats PASSED [  2%]
tests/unit/cache/test_hash_only_coverage_boost.py::TestHashOnlyCacheGetOperations::test_get_cache_miss_on_first_call PASSED [  2%]
tests/unit/cache/test_hash_only_coverage_boost.py::TestHashOnlyCacheGetOperations::test_get_cache_hit_on_second_call PASSED [  2%]
tests/unit/cache/test_hash_only_coverage_boost.py::TestHashOnlyCacheGetOperations::test_get_updates_access_time_on_hit PASSED [  2%]
tests/unit/cache/test_hash_only_coverage_boost.py::TestHashOnlyCacheGetOperations::test_get_returns_none_for_expired_entry PASSED [  2%]
tests/unit/cache/test_hash_only_coverage_boost.py::TestHashOnlyCacheGetOperations::test_get_evicts_expired_entry PASSED [  2%]
tests/unit/cache/test_hash_only_coverage_boost.py::TestHashOnlyCacheGetOperations::test_get_cache_miss_for_different_prompt PASSED [  2%]
tests/unit/cache/test_hash_only_coverage_boost.py::TestHashOnlyCacheGetOperations::test_get_cache_miss_for_different_workflow PASSED [  2%]
tests/unit/cache/test_hash_only_coverage_boost.py::TestHashOnlyCachePutOperations::test_put_stores_response_in_memory PASSED [  2%]
tests/unit/cache/test_hash_only_coverage_boost.py::TestHashOnlyCachePutOperations::test_put_creates_cache_entry_with_metadata PASSED [  2%]
tests/unit/cache/test_hash_only_coverage_boost.py::TestHashOnlyCachePutOperations::test_put_uses_custom_ttl PASSED [  2%]
tests/unit/cache/test_hash_only_coverage_boost.py::TestHashOnlyCachePutOperations::test_put_uses_default_ttl_when_not_specified PASSED [  2%]
tests/unit/cache/test_hash_only_coverage_boost.py::TestHashOnlyCachePutOperations::test_put_sets_access_time PASSED [  2%]
tests/unit/cache/test_hash_only_coverage_boost.py::TestHashOnlyCachePutOperations::test_put_triggers_lru_eviction_check PASSED [  2%]
tests/unit/cache/test_hash_only_coverage_boost.py::TestHashOnlyCacheLRUEviction::test_maybe_evict_lru_does_nothing_when_under_limit PASSED [  2%]
tests/unit/cache/test_hash_only_coverage_boost.py::TestHashOnlyCacheLRUEviction::test_maybe_evict_lru_evicts_when_over_limit PASSED [  2%]
tests/unit/cache/test_hash_only_coverage_boost.py::TestHashOnlyCacheLRUEviction::test_maybe_evict_lru_evicts_oldest_entries PASSED [  2%]
tests/unit/cache/test_hash_only_coverage_boost.py::TestHashOnlyCacheLRUEviction::test_evict_entry_removes_from_memory_and_access_times PASSED [  2%]
tests/unit/cache/test_hash_only_coverage_boost.py::TestHashOnlyCacheLRUEviction::test_evict_entry_handles_missing_key_gracefully PASSED [  2%]
tests/unit/cache/test_hash_only_coverage_boost.py::TestHashOnlyCacheExpiration::test_evict_expired_removes_expired_entries PASSED [  2%]
tests/unit/cache/test_hash_only_coverage_boost.py::TestHashOnlyCacheExpiration::test_evict_expired_keeps_valid_entries PASSED [  2%]
tests/unit/cache/test_hash_only_coverage_boost.py::TestHashOnlyCacheExpiration::test_evict_expired_returns_zero_when_no_expired PASSED [  2%]
tests/unit/cache/test_hash_only_coverage_boost.py::TestHashOnlyCacheClearAndStats::test_clear_removes_all_entries PASSED [  2%]
tests/unit/cache/test_hash_only_coverage_boost.py::TestHashOnlyCacheClearAndStats::test_clear_removes_access_times PASSED [  2%]
tests/unit/cache/test_hash_only_coverage_boost.py::TestHashOnlyCacheClearAndStats::test_get_stats_returns_cache_statistics PASSED [  2%]
tests/unit/cache/test_hash_only_coverage_boost.py::TestHashOnlyCacheClearAndStats::test_size_info_returns_cache_size_metrics PASSED [  2%]
tests/unit/cache/test_hash_only_coverage_boost.py::TestHashOnlyCacheClearAndStats::test_size_info_returns_zero_for_empty_cache PASSED [  2%]
tests/unit/cache/test_hash_only_coverage_boost.py::TestHashOnlyCacheEdgeCases::test_multiple_workflows_in_same_cache PASSED [  2%]
tests/unit/cache/test_hash_only_coverage_boost.py::TestHashOnlyCacheEdgeCases::test_multiple_stages_in_same_workflow PASSED [  2%]
tests/unit/cache/test_hash_only_coverage_boost.py::TestHashOnlyCacheEdgeCases::test_multiple_models_for_same_prompt PASSED [  2%]
tests/unit/cache/test_hash_only_coverage_boost.py::TestHashOnlyCacheEdgeCases::test_cache_handles_complex_response_objects PASSED [  2%]
tests/unit/cache/test_hash_only_coverage_boost.py::TestHashOnlyCacheEdgeCases::test_cache_handles_empty_prompt PASSED [  2%]
tests/unit/cache/test_hash_only_coverage_boost.py::TestHashOnlyCacheEdgeCases::test_cache_handles_very_long_prompt PASSED [  2%]
tests/unit/cache/test_storage.py::TestCacheStorage::test_init_creates_cache_dir PASSED [  2%]
tests/unit/cache/test_storage.py::TestCacheStorage::test_put_and_get PASSED [  2%]
tests/unit/cache/test_storage.py::TestCacheStorage::test_get_nonexistent_key PASSED [  2%]
tests/unit/cache/test_storage.py::TestCacheStorage::test_get_expired_entry_returns_none PASSED [  2%]
tests/unit/cache/test_storage.py::TestCacheStorage::test_delete PASSED   [  2%]
tests/unit/cache/test_storage.py::TestCacheStorage::test_delete_nonexistent_returns_false PASSED [  2%]
tests/unit/cache/test_storage.py::TestCacheStorage::test_clear PASSED    [  2%]
tests/unit/cache/test_storage.py::TestCacheStorage::test_evict_expired PASSED [  2%]
tests/unit/cache/test_storage.py::TestCacheStorage::test_get_all PASSED  [  2%]
tests/unit/cache/test_storage.py::TestCacheStorage::test_save_and_load PASSED [  2%]
tests/unit/cache/test_storage.py::TestCacheStorage::test_load_skips_expired_entries PASSED [  2%]
tests/unit/cache/test_storage.py::TestCacheStorage::test_size_mb PASSED  [  2%]
tests/unit/cache/test_storage.py::TestCacheStorage::test_stats PASSED    [  2%]
tests/unit/cli/commands/test_batch_coverage_boost.py::TestCmdBatchSubmit::test_batch_submit_missing_file_returns_1 PASSED [  2%]
tests/unit/cli/commands/test_batch_coverage_boost.py::TestCmdBatchSubmit::test_batch_submit_missing_api_key_returns_1 PASSED [  2%]
tests/unit/cli/commands/test_batch_coverage_boost.py::TestCmdBatchStatus::test_batch_status_missing_api_key_returns_1 PASSED [  2%]
tests/unit/cli/commands/test_batch_coverage_boost.py::TestCmdBatchResults::test_batch_results_missing_api_key_returns_1 PASSED [  2%]
tests/unit/cli/commands/test_batch_coverage_boost.py::TestCmdBatchWait::test_batch_wait_missing_api_key_returns_1 PASSED [  2%]
tests/unit/cli/commands/test_cache_coverage_boost.py::TestCmdCacheStats::test_cache_stats_calls_collect PASSED [  2%]
tests/unit/cli/commands/test_cache_coverage_boost.py::TestCmdCacheStats::test_cache_stats_json_output PASSED [  2%]
tests/unit/cli/commands/test_cache_coverage_boost.py::TestCmdCacheClear::test_cache_clear_returns_none PASSED [  2%]
tests/unit/cli/commands/test_cache_coverage_boost.py::TestCollectCacheStats::test_collect_stats_no_log_file PASSED [  2%]
tests/unit/cli/commands/test_cache_coverage_boost.py::TestCollectCacheStats::test_collect_stats_empty_log PASSED [  2%]
tests/unit/cli/commands/test_cache_coverage_boost.py::TestCollectCacheStats::test_collect_stats_with_cache_hit PASSED [  3%]
tests/unit/cli/commands/test_cache_coverage_boost.py::TestDisplayCacheReport::test_display_report_with_error PASSED [  3%]
tests/unit/cli/commands/test_cache_coverage_boost.py::TestDisplayCacheReport::test_display_report_normal_stats PASSED [  3%]
tests/unit/cli/commands/test_cache_coverage_boost.py::TestDisplayCacheReport::test_display_report_verbose_mode PASSED [  3%]
tests/unit/cli/commands/test_info_coverage_boost.py::TestCmdInfo::test_cmd_info_loads_default_config PASSED [  3%]
tests/unit/cli/commands/test_info_coverage_boost.py::TestCmdInfo::test_cmd_info_loads_custom_config PASSED [  3%]
tests/unit/cli/commands/test_info_coverage_boost.py::TestCmdInfo::test_cmd_info_returns_none PASSED [  3%]
tests/unit/cli/commands/test_info_coverage_boost.py::TestCmdFrameworks::test_cmd_frameworks_function_exists PASSED [  3%]
tests/unit/cli/commands/test_inspection_coverage_boost.py::TestScan::test_scan_calls_ruff PASSED [  3%]
tests/unit/cli/commands/test_inspection_coverage_boost.py::TestScan::test_scan_with_fix_flag PASSED [  3%]
tests/unit/cli/commands/test_inspection_coverage_boost.py::TestInspectCmd::test_inspect_cmd_calls_subprocess PASSED [  3%]
tests/unit/cli/commands/test_inspection_coverage_boost.py::TestInspectCmd::test_inspect_cmd_with_format PASSED [  3%]
tests/unit/cli/commands/test_memory_coverage_boost.py::TestMemoryApp::test_memory_app_exists PASSED [  3%]
tests/unit/cli/commands/test_memory_coverage_boost.py::TestMemoryCommands::test_memory_status_calls_subprocess PASSED [  3%]
tests/unit/cli/commands/test_memory_coverage_boost.py::TestMemoryCommands::test_memory_start_calls_subprocess PASSED [  3%]
tests/unit/cli/commands/test_memory_coverage_boost.py::TestMemoryCommands::test_memory_stop_calls_subprocess PASSED [  3%]
tests/unit/cli/commands/test_memory_coverage_boost.py::TestMemoryCommands::test_memory_stats_calls_subprocess PASSED [  3%]
tests/unit/cli/commands/test_memory_coverage_boost.py::TestMemoryCommands::test_memory_patterns_calls_subprocess PASSED [  3%]
tests/unit/cli/parsers/test_sync_coverage_boost.py::TestRegisterParsers::test_register_parsers_adds_sync_claude PASSED [  3%]
tests/unit/cli/parsers/test_sync_coverage_boost.py::TestRegisterParsers::test_sync_claude_has_patterns_dir_arg PASSED [  3%]
tests/unit/cli/parsers/test_sync_coverage_boost.py::TestRegisterParsers::test_sync_claude_has_output_dir_arg PASSED [  3%]
tests/unit/cli/parsers/test_sync_coverage_boost.py::TestRegisterParsers::test_sync_claude_default_patterns_dir PASSED [  3%]
tests/unit/cli/parsers/test_sync_coverage_boost.py::TestRegisterParsers::test_sync_claude_default_output_dir PASSED [  3%]
tests/unit/cli/test_cache_commands.py::TestCacheStatsCollection::test_collect_stats_no_log_file PASSED [  3%]
tests/unit/cli/test_cache_commands.py::TestCacheStatsCollection::test_collect_stats_from_log_file PASSED [  3%]
tests/unit/cli/test_cache_commands.py::TestCacheStatsCommand::test_cmd_cache_stats_table_format PASSED [  3%]
tests/unit/cli/test_cache_commands.py::TestCacheStatsCommand::test_cmd_cache_stats_json_format PASSED [  3%]
tests/unit/cli/test_cache_commands.py::TestCacheStatsCommand::test_cmd_cache_stats_verbose PASSED [  3%]
tests/unit/cli/test_cache_commands.py::TestCacheReport::test_display_cache_report_error PASSED [  3%]
tests/unit/cli/test_cache_commands.py::TestCacheReport::test_display_cache_report_success PASSED [  3%]
tests/unit/cli/test_cache_commands.py::TestCacheReport::test_display_cache_report_verbose PASSED [  3%]
tests/unit/cli/test_cache_commands.py::TestCacheReport::test_display_cache_report_performance_levels PASSED [  3%]
tests/unit/cli/test_cache_commands.py::TestCacheClearCommand::test_cmd_cache_clear PASSED [  3%]
tests/unit/cli/test_cli_core.py::TestGetEmpathyVersion::test_returns_version_string PASSED [  3%]
tests/unit/cli/test_cli_core.py::TestGetEmpathyVersion::test_returns_dev_on_import_error PASSED [  3%]
tests/unit/cli/test_cli_core.py::TestVersionCallback::test_exits_when_value_true PASSED [  3%]
tests/unit/cli/test_cli_core.py::TestVersionCallback::test_no_exit_when_value_false PASSED [  3%]
tests/unit/cli/test_cli_core.py::TestConsole::test_console_exists PASSED [  3%]
tests/unit/cli/test_cli_core.py::TestCLIAppStructure::test_app_exists SKIPPED [  3%]
tests/unit/cli/test_cli_core.py::TestCLIAppStructure::test_app_has_name SKIPPED [  3%]
tests/unit/cli/test_cli_core.py::TestCLIAppStructure::test_memory_app_registered PASSED [  3%]
tests/unit/cli/test_cli_core.py::TestCLIAppStructure::test_provider_app_registered SKIPPED [  3%]
tests/unit/cli/test_cli_core.py::TestCLICommands::test_scan_command_exists SKIPPED [  3%]
tests/unit/cli/test_cli_core.py::TestCLICommands::test_inspect_command_exists SKIPPED [  3%]
tests/unit/cli/test_cli_core.py::TestCLICommands::test_cheatsheet_command_exists SKIPPED [  3%]
tests/unit/cli/test_cli_core.py::TestCLICommands::test_version_option_exists SKIPPED [  3%]
tests/unit/cli/test_cli_core.py::TestCLICommands::test_help_available SKIPPED [  3%]
tests/unit/cli/test_cli_core.py::TestMemoryCommands::test_memory_status_command_exists SKIPPED [  3%]
tests/unit/cli/test_cli_core.py::TestMemoryCommands::test_memory_start_command_exists PASSED [  3%]
tests/unit/cli/test_cli_core.py::TestProviderCommands::test_provider_help SKIPPED [  3%]
tests/unit/cli/test_cli_core.py::TestUtilityFunctions::test_cheatsheet_function PASSED [  3%]
tests/unit/cli/test_cli_core.py::TestUtilityFunctions::test_sync_claude_calls_subprocess PASSED [  3%]
tests/unit/cli/test_cli_core.py::TestUtilityFunctions::test_dashboard_calls_subprocess PASSED [  3%]
tests/unit/cli/test_cli_core.py::TestUtilityFunctions::test_costs_calls_subprocess PASSED [  3%]
tests/unit/cli/test_cli_core.py::TestUtilityFunctions::test_init_calls_subprocess PASSED [  3%]
tests/unit/cli/test_cli_core.py::TestUtilityFunctions::test_status_calls_subprocess PASSED [  3%]
tests/unit/cli/test_cli_core.py::TestMemoryAppFunctions::test_memory_status_calls_subprocess PASSED [  3%]
tests/unit/cli/test_cli_core.py::TestMemoryAppFunctions::test_memory_start_calls_subprocess PASSED [  3%]
tests/unit/cli/test_cli_core.py::TestMemoryAppFunctions::test_memory_stop_calls_subprocess PASSED [  3%]
tests/unit/cli/test_cli_core.py::TestMemoryAppFunctions::test_memory_stats_calls_subprocess PASSED [  3%]
tests/unit/cli/test_cli_core.py::TestMemoryAppFunctions::test_memory_patterns_calls_subprocess PASSED [  3%]
tests/unit/cli/test_cli_core.py::TestCLIMain::test_main_function_exists PASSED [  3%]
tests/unit/cli/test_cli_core.py::TestCLIMain::test_main_calls_app SKIPPED [  3%]
tests/unit/cli/test_routing_commands.py::TestRoutingCommands::test_routing_stats_command PASSED [  4%]
tests/unit/cli/test_routing_commands.py::TestRoutingCommands::test_routing_stats_no_data PASSED [  4%]
tests/unit/cli/test_routing_commands.py::TestRoutingCommands::test_routing_check_no_upgrade_needed PASSED [  4%]
tests/unit/cli/test_routing_commands.py::TestRoutingCommands::test_routing_check_upgrade_needed PASSED [  4%]
tests/unit/cli/test_routing_commands.py::TestRoutingCommands::test_routing_check_all_workflows PASSED [  4%]
tests/unit/cli/test_routing_commands.py::TestRoutingCommands::test_routing_models_command PASSED [  4%]
tests/unit/cli/test_workflow_commands.py::TestWorkflowListCommand::test_list_workflows_basic PASSED [  4%]
tests/unit/cli/test_workflow_commands.py::TestWorkflowListCommand::test_list_workflows_json_output PASSED [  4%]
tests/unit/cli/test_workflow_commands.py::TestWorkflowDescribeCommand::test_describe_without_name_shows_error PASSED [  4%]
tests/unit/cli/test_workflow_commands.py::TestWorkflowDescribeCommand::test_describe_nonexistent_workflow_shows_error PASSED [  4%]
tests/unit/cli/test_workflow_commands.py::TestWorkflowRunCommand::test_run_without_name_shows_error PASSED [  4%]
tests/unit/cli/test_workflow_commands.py::TestWorkflowRunCommand::test_run_with_invalid_json_shows_helpful_error PASSED [  4%]
tests/unit/cli/test_workflow_commands.py::TestWorkflowCommandEdgeCases::test_invalid_action_returns_error PASSED [  4%]
tests/unit/memory/security/test_pii_scrubber.py::TestPIIDetection::test_scrub_email_address PASSED [  4%]
tests/unit/memory/security/test_pii_scrubber.py::TestPIIDetection::test_scrub_returns_tuple PASSED [  4%]
tests/unit/memory/security/test_pii_scrubber.py::TestPIIDetection::test_empty_text_handling PASSED [  4%]
tests/unit/memory/security/test_pii_scrubber.py::TestPIIDetection::test_multi_pattern_detection[Email: user@example.com-email-[EMAIL]] PASSED [  4%]
tests/unit/memory/security/test_pii_scrubber.py::TestPIIDetection::test_multi_pattern_detection[SSN: 123-45-6789-ssn-[SSN]] PASSED [  4%]
tests/unit/memory/security/test_pii_scrubber.py::TestPIIDetection::test_multi_pattern_detection[Call: 555-123-4567-phone-[PHONE]] PASSED [  4%]
tests/unit/memory/security/test_pii_scrubber.py::TestPIIDetection::test_multi_pattern_detection[CC: 4532-1234-5678-9010-credit_card-[CC]] PASSED [  4%]
tests/unit/memory/security/test_pii_scrubber.py::TestPIIDetection::test_multi_pattern_detection[IP: 192.168.1.1-ipv4-[IP]] PASSED [  4%]
tests/unit/memory/security/test_pii_scrubber.py::TestPIIDetection::test_multi_pattern_detection[MRN-1234567-mrn-[MRN]] PASSED [  4%]
tests/unit/memory/security/test_pii_scrubber.py::TestPIIDetection::test_multi_pattern_detection[Patient ID: 123456-patient_id-[PATIENT_ID]] PASSED [  4%]
tests/unit/memory/security/test_pii_scrubber.py::TestPIIDetection::test_multiple_pii_in_single_text PASSED [  4%]
tests/unit/memory/security/test_pii_scrubber.py::TestPIIDetection::test_pii_detection_includes_position PASSED [  4%]
tests/unit/memory/security/test_pii_scrubber.py::TestPIIDetection::test_confidence_scoring PASSED [  4%]
tests/unit/memory/security/test_pii_scrubber.py::TestPIIDetection::test_detection_to_dict PASSED [  4%]
tests/unit/memory/security/test_pii_scrubber.py::TestPIIDetection::test_detection_to_audit_safe_dict PASSED [  4%]
tests/unit/memory/security/test_pii_scrubber.py::TestCustomPatterns::test_add_custom_pattern PASSED [  4%]
tests/unit/memory/security/test_pii_scrubber.py::TestCustomPatterns::test_custom_pattern_with_confidence PASSED [  4%]
tests/unit/memory/security/test_pii_scrubber.py::TestCustomPatterns::test_duplicate_pattern_name_raises_error PASSED [  4%]
tests/unit/memory/security/test_pii_scrubber.py::TestCustomPatterns::test_invalid_regex_pattern_raises_error PASSED [  4%]
tests/unit/memory/security/test_pii_scrubber.py::TestCustomPatterns::test_remove_custom_pattern PASSED [  4%]
tests/unit/memory/security/test_pii_scrubber.py::TestCustomPatterns::test_cannot_remove_default_pattern PASSED [  4%]
tests/unit/memory/security/test_pii_scrubber.py::TestPatternManagement::test_disable_pattern PASSED [  4%]
tests/unit/memory/security/test_pii_scrubber.py::TestPatternManagement::test_enable_pattern PASSED [  4%]
tests/unit/memory/security/test_pii_scrubber.py::TestPatternManagement::test_get_statistics PASSED [  4%]
tests/unit/memory/security/test_pii_scrubber.py::TestPatternManagement::test_statistics_after_adding_custom PASSED [  4%]
tests/unit/memory/security/test_pii_scrubber.py::TestPatternManagement::test_get_pattern_info PASSED [  4%]
tests/unit/memory/security/test_pii_scrubber.py::TestPatternManagement::test_get_pattern_info_for_nonexistent PASSED [  4%]
tests/unit/memory/security/test_pii_scrubber.py::TestEdgeCases::test_overlapping_patterns PASSED [  4%]
tests/unit/memory/security/test_pii_scrubber.py::TestEdgeCases::test_very_long_text PASSED [  4%]
tests/unit/memory/security/test_pii_scrubber.py::TestEdgeCases::test_special_characters_in_text PASSED [  4%]
tests/unit/memory/security/test_pii_scrubber.py::TestEdgeCases::test_text_with_no_pii PASSED [  4%]
tests/unit/memory/security/test_pii_scrubber.py::TestEdgeCases::test_validate_patterns PASSED [  4%]
tests/unit/memory/test_control_panel.py::TestValidatePatternId::test_valid_pattern_id_standard_format PASSED [  4%]
tests/unit/memory/test_control_panel.py::TestValidatePatternId::test_valid_pattern_id_alternative_format PASSED [  4%]
tests/unit/memory/test_control_panel.py::TestValidatePatternId::test_invalid_pattern_id_empty PASSED [  4%]
tests/unit/memory/test_control_panel.py::TestValidatePatternId::test_invalid_pattern_id_wrong_type PASSED [  4%]
tests/unit/memory/test_control_panel.py::TestValidatePatternId::test_invalid_pattern_id_path_traversal PASSED [  4%]
tests/unit/memory/test_control_panel.py::TestValidatePatternId::test_invalid_pattern_id_null_bytes PASSED [  4%]
tests/unit/memory/test_control_panel.py::TestValidatePatternId::test_invalid_pattern_id_length_bounds PASSED [  4%]
tests/unit/memory/test_control_panel.py::TestValidateAgentId::test_valid_agent_id_simple PASSED [  4%]
tests/unit/memory/test_control_panel.py::TestValidateAgentId::test_valid_agent_id_email_format PASSED [  4%]
tests/unit/memory/test_control_panel.py::TestValidateAgentId::test_valid_agent_id_with_dots_and_dashes PASSED [  4%]
tests/unit/memory/test_control_panel.py::TestValidateAgentId::test_invalid_agent_id_empty PASSED [  4%]
tests/unit/memory/test_control_panel.py::TestValidateAgentId::test_invalid_agent_id_wrong_type PASSED [  4%]
tests/unit/memory/test_control_panel.py::TestValidateAgentId::test_invalid_agent_id_dangerous_characters PASSED [  4%]
tests/unit/memory/test_control_panel.py::TestValidateAgentId::test_invalid_agent_id_null_bytes PASSED [  4%]
tests/unit/memory/test_control_panel.py::TestValidateAgentId::test_invalid_agent_id_length_bounds PASSED [  4%]
tests/unit/memory/test_control_panel.py::TestValidateClassification::test_valid_classification_uppercase PASSED [  4%]
tests/unit/memory/test_control_panel.py::TestValidateClassification::test_valid_classification_lowercase PASSED [  4%]
tests/unit/memory/test_control_panel.py::TestValidateClassification::test_valid_classification_mixed_case PASSED [  4%]
tests/unit/memory/test_control_panel.py::TestValidateClassification::test_valid_classification_none PASSED [  5%]
tests/unit/memory/test_control_panel.py::TestValidateClassification::test_invalid_classification_wrong_value PASSED [  5%]
tests/unit/memory/test_control_panel.py::TestValidateClassification::test_invalid_classification_wrong_type PASSED [  5%]
tests/unit/memory/test_control_panel.py::TestValidateFilePath::test_valid_file_path_simple PASSED [  5%]
tests/unit/memory/test_control_panel.py::TestValidateFilePath::test_valid_file_path_with_allowed_dir PASSED [  5%]
tests/unit/memory/test_control_panel.py::TestValidateFilePath::test_invalid_file_path_empty PASSED [  5%]
tests/unit/memory/test_control_panel.py::TestValidateFilePath::test_invalid_file_path_wrong_type PASSED [  5%]
tests/unit/memory/test_control_panel.py::TestValidateFilePath::test_invalid_file_path_null_bytes PASSED [  5%]
tests/unit/memory/test_control_panel.py::TestValidateFilePath::test_invalid_file_path_system_directories PASSED [  5%]
tests/unit/memory/test_control_panel.py::TestValidateFilePath::test_invalid_file_path_outside_allowed_dir PASSED [  5%]
tests/unit/memory/test_control_panel.py::TestRateLimiter::test_initialization_default_values PASSED [  5%]
tests/unit/memory/test_control_panel.py::TestRateLimiter::test_initialization_custom_values PASSED [  5%]
tests/unit/memory/test_control_panel.py::TestRateLimiter::test_initialization_invalid_window PASSED [  5%]
tests/unit/memory/test_control_panel.py::TestRateLimiter::test_initialization_invalid_max_requests PASSED [  5%]
tests/unit/memory/test_control_panel.py::TestRateLimiter::test_is_allowed_first_request PASSED [  5%]
tests/unit/memory/test_control_panel.py::TestRateLimiter::test_is_allowed_under_limit PASSED [  5%]
tests/unit/memory/test_control_panel.py::TestRateLimiter::test_is_allowed_at_limit PASSED [  5%]
tests/unit/memory/test_control_panel.py::TestRateLimiter::test_is_allowed_window_expiration PASSED [  5%]
tests/unit/memory/test_control_panel.py::TestRateLimiter::test_is_allowed_multiple_clients PASSED [  5%]
tests/unit/memory/test_control_panel.py::TestRateLimiter::test_get_remaining_no_requests PASSED [  5%]
tests/unit/memory/test_control_panel.py::TestRateLimiter::test_get_remaining_after_requests PASSED [  5%]
tests/unit/memory/test_control_panel.py::TestRateLimiter::test_get_remaining_at_zero PASSED [  5%]
tests/unit/memory/test_control_panel.py::TestAPIKeyAuth::test_initialization_with_key PASSED [  5%]
tests/unit/memory/test_control_panel.py::TestAPIKeyAuth::test_initialization_from_env PASSED [  5%]
tests/unit/memory/test_control_panel.py::TestAPIKeyAuth::test_initialization_no_key PASSED [  5%]
tests/unit/memory/test_control_panel.py::TestAPIKeyAuth::test_is_valid_correct_key PASSED [  5%]
tests/unit/memory/test_control_panel.py::TestAPIKeyAuth::test_is_valid_incorrect_key PASSED [  5%]
tests/unit/memory/test_control_panel.py::TestAPIKeyAuth::test_is_valid_no_key_provided PASSED [  5%]
tests/unit/memory/test_control_panel.py::TestAPIKeyAuth::test_is_valid_auth_disabled PASSED [  5%]
tests/unit/memory/test_control_panel.py::TestMemoryStats::test_default_initialization PASSED [  5%]
tests/unit/memory/test_control_panel.py::TestMemoryStats::test_custom_initialization PASSED [  5%]
tests/unit/memory/test_control_panel.py::TestMemoryStats::test_asdict_conversion PASSED [  5%]
tests/unit/memory/test_control_panel.py::TestControlPanelConfig::test_default_initialization PASSED [  5%]
tests/unit/memory/test_control_panel.py::TestControlPanelConfig::test_custom_initialization PASSED [  5%]
tests/unit/memory/test_control_panel.py::TestMemoryControlPanelInitialization::test_initialization_default_config PASSED [  5%]
tests/unit/memory/test_control_panel.py::TestMemoryControlPanelInitialization::test_initialization_custom_config PASSED [  5%]
tests/unit/memory/test_control_panel.py::TestMemoryControlPanelStatus::test_status_redis_running PASSED [  5%]
tests/unit/memory/test_control_panel.py::TestMemoryControlPanelStatus::test_status_redis_stopped PASSED [  5%]
tests/unit/memory/test_control_panel.py::TestMemoryControlPanelStatus::test_status_long_term_not_initialized PASSED [  5%]
tests/unit/memory/test_control_panel.py::TestMemoryControlPanelStatus::test_status_long_term_available PASSED [  5%]
tests/unit/memory/test_control_panel.py::TestMemoryControlPanelPatternCount::test_count_patterns_no_storage PASSED [  5%]
tests/unit/memory/test_control_panel.py::TestMemoryControlPanelPatternCount::test_count_patterns_empty_storage PASSED [  5%]
tests/unit/memory/test_control_panel.py::TestMemoryControlPanelPatternCount::test_count_patterns_with_files PASSED [  5%]
tests/unit/memory/test_control_panel.py::TestMemoryControlPanelListPatterns::test_list_patterns_invalid_classification PASSED [  5%]
tests/unit/memory/test_control_panel.py::TestMemoryControlPanelListPatterns::test_list_patterns_invalid_limit_negative PASSED [  5%]
tests/unit/memory/test_control_panel.py::TestMemoryControlPanelListPatterns::test_list_patterns_invalid_limit_zero PASSED [  5%]
tests/unit/memory/test_control_panel.py::TestMemoryControlPanelListPatterns::test_list_patterns_invalid_limit_too_large PASSED [  5%]
tests/unit/memory/test_control_panel.py::TestMemoryControlPanelDeletePattern::test_delete_pattern_invalid_pattern_id PASSED [  5%]
tests/unit/memory/test_control_panel.py::TestMemoryControlPanelDeletePattern::test_delete_pattern_invalid_user_id PASSED [  5%]
tests/unit/memory/test_control_panel.py::TestMemoryControlPanelClearShortTerm::test_clear_short_term_invalid_agent_id PASSED [  5%]
tests/unit/memory/test_control_panel.py::TestMemoryControlPanelExportPatterns::test_export_patterns_invalid_path PASSED [  5%]
tests/unit/memory/test_control_panel.py::TestMemoryControlPanelExportPatterns::test_export_patterns_system_directory PASSED [  5%]
tests/unit/memory/test_control_panel.py::TestMemoryControlPanelExportPatterns::test_export_patterns_invalid_classification PASSED [  5%]
tests/unit/memory/test_control_panel.py::TestMemoryControlPanelHealthCheck::test_health_check_all_healthy PASSED [  5%]
tests/unit/memory/test_control_panel.py::TestMemoryControlPanelHealthCheck::test_health_check_redis_not_running PASSED [  5%]
tests/unit/memory/test_control_panel.py::TestMemoryControlPanelHealthCheck::test_health_check_unencrypted_sensitive_patterns PASSED [  5%]
tests/unit/memory/test_control_panel.py::TestPrintStatus::test_print_status_output PASSED [  5%]
tests/unit/memory/test_control_panel.py::TestPrintStats::test_print_stats_output PASSED [  5%]
tests/unit/memory/test_control_panel.py::TestPrintHealth::test_print_health_output PASSED [  5%]
tests/unit/memory/test_control_panel.py::TestPatternRegex::test_standard_pattern_regex_valid PASSED [  5%]
tests/unit/memory/test_control_panel.py::TestPatternRegex::test_standard_pattern_regex_invalid PASSED [  5%]
tests/unit/memory/test_control_panel.py::TestPatternRegex::test_alternative_pattern_regex_valid PASSED [  5%]
tests/unit/memory/test_control_panel.py::TestPatternRegex::test_alternative_pattern_regex_invalid PASSED [  6%]
tests/unit/memory/test_cross_session.py::TestGenerateAgentId::test_generates_unique_ids PASSED [  6%]
tests/unit/memory/test_cross_session.py::TestGenerateAgentId::test_includes_session_type PASSED [  6%]
tests/unit/memory/test_cross_session.py::TestGenerateAgentId::test_includes_timestamp PASSED [  6%]
tests/unit/memory/test_cross_session.py::TestSessionInfo::test_to_dict_and_from_dict PASSED [  6%]
tests/unit/memory/test_cross_session.py::TestSessionInfo::test_is_stale_fresh_session PASSED [  6%]
tests/unit/memory/test_cross_session.py::TestSessionInfo::test_is_stale_old_heartbeat PASSED [  6%]
tests/unit/memory/test_cross_session.py::TestCrossSessionCoordinatorMockMode::test_raises_on_mock_mode PASSED [  6%]
tests/unit/memory/test_cross_session.py::TestCrossSessionCoordinatorWithRedis::test_announce_registers_session SKIPPED [  6%]
tests/unit/memory/test_cross_session.py::TestCrossSessionCoordinatorWithRedis::test_depart_removes_session SKIPPED [  6%]
tests/unit/memory/test_cross_session.py::TestCrossSessionCoordinatorWithRedis::test_get_active_sessions_parses_data SKIPPED [  6%]
tests/unit/memory/test_cross_session.py::TestCrossSessionCoordinatorWithRedis::test_get_active_sessions_filters_stale SKIPPED [  6%]
tests/unit/memory/test_cross_session.py::TestConflictResolution::test_priority_resolution_higher_tier_wins SKIPPED [  6%]
tests/unit/memory/test_cross_session.py::TestConflictResolution::test_priority_resolution_lower_tier_loses SKIPPED [  6%]
tests/unit/memory/test_cross_session.py::TestConflictResolution::test_last_write_wins_strategy SKIPPED [  6%]
tests/unit/memory/test_cross_session.py::TestDistributedLocking::test_acquire_lock_success SKIPPED [  6%]
tests/unit/memory/test_cross_session.py::TestDistributedLocking::test_acquire_lock_failure SKIPPED [  6%]
tests/unit/memory/test_cross_session.py::TestDistributedLocking::test_release_lock_when_owner SKIPPED [  6%]
tests/unit/memory/test_cross_session.py::TestDistributedLocking::test_release_lock_when_not_owner SKIPPED [  6%]
tests/unit/memory/test_cross_session.py::TestBackgroundService::test_raises_on_mock_mode SKIPPED [  6%]
tests/unit/memory/test_cross_session.py::TestBackgroundService::test_service_start_acquires_lock SKIPPED [  6%]
tests/unit/memory/test_cross_session.py::TestBackgroundService::test_service_start_fails_if_lock_held SKIPPED [  6%]
tests/unit/memory/test_cross_session.py::TestCheckRedisCrossSessionSupport::test_returns_false_for_mock SKIPPED [  6%]
tests/unit/memory/test_cross_session.py::TestCheckRedisCrossSessionSupport::test_returns_true_with_client SKIPPED [  6%]
tests/unit/memory/test_cross_session.py::TestShortTermMemoryCrossSessionIntegration::test_cross_session_available_mock SKIPPED [  6%]
tests/unit/memory/test_cross_session.py::TestShortTermMemoryCrossSessionIntegration::test_cross_session_available_with_client SKIPPED [  6%]
tests/unit/memory/test_cross_session.py::TestShortTermMemoryCrossSessionIntegration::test_enable_cross_session_mock_raises SKIPPED [  6%]
tests/unit/memory/test_cross_session.py::TestShortTermMemoryCrossSessionIntegration::test_enable_cross_session_returns_coordinator SKIPPED [  6%]
tests/unit/memory/test_cross_session.py::TestCrossSessionCoordinatorProperties::test_session_info_property SKIPPED [  6%]
tests/unit/memory/test_cross_session.py::TestCrossSessionCoordinatorProperties::test_agent_id_property SKIPPED [  6%]
tests/unit/memory/test_cross_session.py::TestCrossSessionCoordinatorProperties::test_credentials_property SKIPPED [  6%]
tests/unit/memory/test_cross_session.py::TestCrossSessionCoordinatorNullClient::test_announce_with_null_client_no_op SKIPPED [  6%]
tests/unit/memory/test_cross_session.py::TestCrossSessionCoordinatorNullClient::test_depart_with_null_client_no_op SKIPPED [  6%]
tests/unit/memory/test_cross_session.py::TestCrossSessionCoordinatorNullClient::test_get_active_sessions_with_null_client SKIPPED [  6%]
tests/unit/memory/test_cross_session.py::TestCrossSessionCoordinatorGetSession::test_get_session_found SKIPPED [  6%]
tests/unit/memory/test_cross_session.py::TestCrossSessionCoordinatorGetSession::test_get_session_not_found SKIPPED [  6%]
tests/unit/memory/test_cross_session.py::TestCrossSessionCoordinatorGetSession::test_get_session_stale_returns_none SKIPPED [  6%]
tests/unit/memory/test_cross_session.py::TestCrossSessionCoordinatorInvalidData::test_get_active_sessions_handles_invalid_json SKIPPED [  6%]
tests/unit/memory/test_cross_session.py::TestCrossSessionCoordinatorInvalidData::test_get_active_sessions_handles_missing_fields SKIPPED [  6%]
tests/unit/memory/test_cross_session.py::TestCrossSessionCoordinatorHeartbeat::test_send_heartbeat_private SKIPPED [  6%]
tests/unit/memory/test_cross_session.py::TestCrossSessionCoordinatorHeartbeat::test_start_and_stop_heartbeat SKIPPED [  6%]
tests/unit/memory/test_cross_session.py::TestCrossSessionCoordinatorHeartbeat::test_stop_heartbeat_when_not_running SKIPPED [  6%]
tests/unit/memory/test_cross_session.py::TestBackgroundServiceAdditional::test_service_is_running_property SKIPPED [  6%]
tests/unit/memory/test_cross_session.py::TestBackgroundServiceAdditional::test_service_stop_when_not_started SKIPPED [  6%]
tests/unit/memory/test_edges_coverage_boost.py::TestEdgeTypeEnum::test_edge_type_enum_has_causal_relationships PASSED [  6%]
tests/unit/memory/test_edges_coverage_boost.py::TestEdgeTypeEnum::test_edge_type_enum_has_resolution_relationships PASSED [  6%]
tests/unit/memory/test_edges_coverage_boost.py::TestEdgeTypeEnum::test_edge_type_enum_has_similarity_relationships PASSED [  6%]
tests/unit/memory/test_edges_coverage_boost.py::TestEdgeTypeEnum::test_edge_type_enum_has_structural_relationships PASSED [  6%]
tests/unit/memory/test_edges_coverage_boost.py::TestEdgeTypeEnum::test_edge_type_enum_has_testing_relationships PASSED [  6%]
tests/unit/memory/test_edges_coverage_boost.py::TestEdgeTypeEnum::test_edge_type_enum_has_documentation_relationships PASSED [  6%]
tests/unit/memory/test_edges_coverage_boost.py::TestEdgeTypeEnum::test_edge_type_enum_has_sequence_relationships PASSED [  6%]
tests/unit/memory/test_edges_coverage_boost.py::TestEdgeTypeEnum::test_edge_type_enum_has_derivation_relationships PASSED [  6%]
tests/unit/memory/test_edges_coverage_boost.py::TestEdgeTypeEnum::test_edge_type_can_be_created_from_string_value PASSED [  6%]
tests/unit/memory/test_edges_coverage_boost.py::TestEdgeDataclass::test_edge_creation_with_required_fields PASSED [  6%]
tests/unit/memory/test_edges_coverage_boost.py::TestEdgeDataclass::test_edge_creation_with_default_values PASSED [  6%]
tests/unit/memory/test_edges_coverage_boost.py::TestEdgeDataclass::test_edge_creation_with_custom_values PASSED [  6%]
tests/unit/memory/test_edges_coverage_boost.py::TestEdgeDataclass::test_edge_id_property_generates_unique_id PASSED [  6%]
tests/unit/memory/test_edges_coverage_boost.py::TestEdgeDataclass::test_edge_id_is_unique_for_different_types PASSED [  6%]
tests/unit/memory/test_edges_coverage_boost.py::TestEdgeDataclass::test_edge_weight_range PASSED [  6%]
tests/unit/memory/test_edges_coverage_boost.py::TestEdgeDataclass::test_edge_confidence_range PASSED [  6%]
tests/unit/memory/test_edges_coverage_boost.py::TestEdgeSerialization::test_to_dict_includes_all_fields PASSED [  6%]
tests/unit/memory/test_edges_coverage_boost.py::TestEdgeSerialization::test_to_dict_converts_enum_to_string PASSED [  6%]
tests/unit/memory/test_edges_coverage_boost.py::TestEdgeSerialization::test_to_dict_converts_datetime_to_isoformat PASSED [  6%]
tests/unit/memory/test_edges_coverage_boost.py::TestEdgeSerialization::test_from_dict_creates_edge_with_all_fields PASSED [  7%]
tests/unit/memory/test_edges_coverage_boost.py::TestEdgeSerialization::test_from_dict_uses_defaults_for_missing_optional_fields PASSED [  7%]
tests/unit/memory/test_edges_coverage_boost.py::TestEdgeSerialization::test_from_dict_handles_legacy_source_wizard_field PASSED [  7%]
tests/unit/memory/test_edges_coverage_boost.py::TestEdgeSerialization::test_from_dict_prefers_source_workflow_over_source_wizard PASSED [  7%]
tests/unit/memory/test_edges_coverage_boost.py::TestEdgeSerialization::test_roundtrip_serialization PASSED [  7%]
tests/unit/memory/test_edges_coverage_boost.py::TestEdgeSerialization::test_roundtrip_preserves_complex_metadata PASSED [  7%]
tests/unit/memory/test_edges_coverage_boost.py::TestWorkflowEdgePatterns::test_workflow_edge_patterns_includes_security_audit PASSED [  7%]
tests/unit/memory/test_edges_coverage_boost.py::TestWorkflowEdgePatterns::test_workflow_edge_patterns_includes_bug_predict PASSED [  7%]
tests/unit/memory/test_edges_coverage_boost.py::TestWorkflowEdgePatterns::test_workflow_edge_patterns_includes_perf_audit PASSED [  7%]
tests/unit/memory/test_edges_coverage_boost.py::TestWorkflowEdgePatterns::test_workflow_edge_patterns_includes_code_review PASSED [  7%]
tests/unit/memory/test_edges_coverage_boost.py::TestWorkflowEdgePatterns::test_workflow_edge_patterns_includes_test_gen PASSED [  7%]
tests/unit/memory/test_edges_coverage_boost.py::TestWorkflowEdgePatterns::test_workflow_edge_patterns_includes_dependency_check PASSED [  7%]
tests/unit/memory/test_edges_coverage_boost.py::TestWorkflowEdgePatterns::test_all_workflow_patterns_use_valid_edge_types PASSED [  7%]
tests/unit/memory/test_edges_coverage_boost.py::TestReverseEdgeTypes::test_reverse_edge_types_for_causal_relationships PASSED [  7%]
tests/unit/memory/test_edges_coverage_boost.py::TestReverseEdgeTypes::test_reverse_edge_types_for_resolution_relationships PASSED [  7%]
tests/unit/memory/test_edges_coverage_boost.py::TestReverseEdgeTypes::test_reverse_edge_types_for_structural_relationships PASSED [  7%]
tests/unit/memory/test_edges_coverage_boost.py::TestReverseEdgeTypes::test_reverse_edge_types_for_testing_relationships PASSED [  7%]
tests/unit/memory/test_edges_coverage_boost.py::TestReverseEdgeTypes::test_reverse_edge_types_for_documentation_relationships PASSED [  7%]
tests/unit/memory/test_edges_coverage_boost.py::TestReverseEdgeTypes::test_reverse_edge_types_for_sequence_relationships PASSED [  7%]
tests/unit/memory/test_edges_coverage_boost.py::TestReverseEdgeTypes::test_reverse_edge_types_for_symmetric_relationships PASSED [  7%]
tests/unit/memory/test_edges_coverage_boost.py::TestReverseEdgeTypes::test_reverse_mapping_is_bidirectional PASSED [  7%]
tests/unit/memory/test_edges_coverage_boost.py::TestReverseEdgeTypes::test_reverse_mapping_is_reflexive_for_symmetric_edges PASSED [  7%]
tests/unit/memory/test_edges_coverage_boost.py::TestEdgeEdgeCases::test_edge_with_same_source_and_target PASSED [  7%]
tests/unit/memory/test_edges_coverage_boost.py::TestEdgeEdgeCases::test_edge_with_empty_metadata PASSED [  7%]
tests/unit/memory/test_edges_coverage_boost.py::TestEdgeEdgeCases::test_edge_with_none_values_in_metadata PASSED [  7%]
tests/unit/memory/test_edges_coverage_boost.py::TestEdgeEdgeCases::test_edge_with_zero_weight PASSED [  7%]
tests/unit/memory/test_edges_coverage_boost.py::TestEdgeEdgeCases::test_edge_with_zero_confidence PASSED [  7%]
tests/unit/memory/test_edges_coverage_boost.py::TestEdgeEdgeCases::test_edge_with_very_long_description PASSED [  7%]
tests/unit/memory/test_edges_coverage_boost.py::TestEdgeEdgeCases::test_edge_with_special_characters_in_ids PASSED [  7%]
tests/unit/memory/test_file_session.py::TestFileSessionConfig::test_default_config PASSED [  7%]
tests/unit/memory/test_file_session.py::TestFileSessionConfig::test_sessions_dir_property PASSED [  7%]
tests/unit/memory/test_file_session.py::TestFileSessionConfig::test_patterns_dir_property PASSED [  7%]
tests/unit/memory/test_file_session.py::TestWorkingEntry::test_not_expired_when_no_expiry PASSED [  7%]
tests/unit/memory/test_file_session.py::TestWorkingEntry::test_not_expired_when_future_expiry PASSED [  7%]
tests/unit/memory/test_file_session.py::TestWorkingEntry::test_expired_when_past_expiry PASSED [  7%]
tests/unit/memory/test_file_session.py::TestWorkingEntry::test_to_dict_round_trip PASSED [  7%]
tests/unit/memory/test_file_session.py::TestStagedPatternFile::test_default_confidence PASSED [  7%]
tests/unit/memory/test_file_session.py::TestStagedPatternFile::test_not_expired_when_no_expiry PASSED [  7%]
tests/unit/memory/test_file_session.py::TestStagedPatternFile::test_to_dict_round_trip PASSED [  7%]
tests/unit/memory/test_file_session.py::TestSessionState::test_new_session PASSED [  7%]
tests/unit/memory/test_file_session.py::TestSessionState::test_to_dict_round_trip PASSED [  7%]
tests/unit/memory/test_file_session.py::TestFileSessionMemory::test_initialization_creates_directories PASSED [  7%]
tests/unit/memory/test_file_session.py::TestFileSessionMemory::test_stash_and_retrieve PASSED [  7%]
tests/unit/memory/test_file_session.py::TestFileSessionMemory::test_retrieve_nonexistent_key PASSED [  7%]
tests/unit/memory/test_file_session.py::TestFileSessionMemory::test_stash_with_ttl_expires PASSED [  7%]
tests/unit/memory/test_file_session.py::TestFileSessionMemory::test_delete_key PASSED [  7%]
tests/unit/memory/test_file_session.py::TestFileSessionMemory::test_keys_pattern_matching PASSED [  7%]
tests/unit/memory/test_file_session.py::TestFileSessionMemory::test_stage_pattern PASSED [  7%]
tests/unit/memory/test_file_session.py::TestFileSessionMemory::test_staged_patterns_sorted_by_confidence PASSED [  7%]
tests/unit/memory/test_file_session.py::TestFileSessionMemory::test_promote_pattern PASSED [  7%]
tests/unit/memory/test_file_session.py::TestFileSessionMemory::test_promote_pattern_below_threshold PASSED [  7%]
tests/unit/memory/test_file_session.py::TestFileSessionMemory::test_context_management PASSED [  7%]
tests/unit/memory/test_file_session.py::TestFileSessionMemory::test_get_all_context PASSED [  7%]
tests/unit/memory/test_file_session.py::TestFileSessionMemory::test_get_stats PASSED [  7%]
tests/unit/memory/test_file_session.py::TestFileSessionMemory::test_is_connected_always_true PASSED [  7%]
tests/unit/memory/test_file_session.py::TestFileSessionMemory::test_supports_realtime_false PASSED [  7%]
tests/unit/memory/test_file_session.py::TestFileSessionMemory::test_session_persistence PASSED [  7%]
tests/unit/memory/test_file_session.py::TestFileSessionMemory::test_context_manager PASSED [  7%]
tests/unit/memory/test_file_session.py::TestGetFileSessionMemory::test_creates_memory_with_defaults PASSED [  7%]
tests/unit/memory/test_file_session.py::TestGetFileSessionMemory::test_creates_memory_with_custom_settings PASSED [  7%]
tests/unit/memory/test_file_session.py::TestFileFirstIntegration::test_unified_memory_file_first PASSED [  7%]
tests/unit/memory/test_file_session.py::TestFileFirstIntegration::test_capabilities_without_redis PASSED [  7%]
tests/unit/memory/test_file_session.py::TestFileFirstIntegration::test_compact_state_generation PASSED [  7%]
tests/unit/memory/test_file_session.py::TestFileFirstIntegration::test_export_to_claude_md PASSED [  8%]
tests/unit/memory/test_graph.py::TestGraphInitialization::test_creates_empty_graph PASSED [  8%]
tests/unit/memory/test_graph.py::TestGraphInitialization::test_creates_storage_directory PASSED [  8%]
tests/unit/memory/test_graph.py::TestGraphInitialization::test_loads_existing_graph PASSED [  8%]
tests/unit/memory/test_graph.py::TestGraphInitialization::test_handles_corrupt_json PASSED [  8%]
tests/unit/memory/test_graph.py::TestNodeOperations::test_add_finding_creates_node PASSED [  8%]
tests/unit/memory/test_graph.py::TestNodeOperations::test_add_finding_with_all_fields PASSED [  8%]
tests/unit/memory/test_graph.py::TestNodeOperations::test_add_finding_unknown_type_defaults_to_pattern PASSED [  8%]
tests/unit/memory/test_graph.py::TestNodeOperations::test_get_node_returns_node PASSED [  8%]
tests/unit/memory/test_graph.py::TestNodeOperations::test_get_node_returns_none_for_missing PASSED [  8%]
tests/unit/memory/test_graph.py::TestNodeOperations::test_update_node_modifies_properties PASSED [  8%]
tests/unit/memory/test_graph.py::TestNodeOperations::test_update_node_returns_false_for_missing PASSED [  8%]
tests/unit/memory/test_graph.py::TestNodeOperations::test_delete_node_removes_node PASSED [  8%]
tests/unit/memory/test_graph.py::TestNodeOperations::test_delete_node_removes_connected_edges PASSED [  8%]
tests/unit/memory/test_graph.py::TestNodeOperations::test_delete_node_returns_false_for_missing PASSED [  8%]
tests/unit/memory/test_graph.py::TestEdgeOperations::test_add_edge_creates_edge PASSED [  8%]
tests/unit/memory/test_graph.py::TestEdgeOperations::test_add_edge_raises_for_invalid_source PASSED [  8%]
tests/unit/memory/test_graph.py::TestEdgeOperations::test_add_edge_raises_for_invalid_target PASSED [  8%]
tests/unit/memory/test_graph.py::TestEdgeOperations::test_add_bidirectional_edge PASSED [  8%]
tests/unit/memory/test_graph.py::TestGraphTraversal::test_find_related_outgoing PASSED [  8%]
tests/unit/memory/test_graph.py::TestGraphTraversal::test_find_related_incoming PASSED [  8%]
tests/unit/memory/test_graph.py::TestGraphTraversal::test_find_related_both_directions PASSED [  8%]
tests/unit/memory/test_graph.py::TestGraphTraversal::test_find_related_with_edge_type_filter PASSED [  8%]
tests/unit/memory/test_graph.py::TestGraphTraversal::test_find_related_max_depth PASSED [  8%]
tests/unit/memory/test_graph.py::TestGraphTraversal::test_find_related_nonexistent_node PASSED [  8%]
tests/unit/memory/test_graph.py::TestPathFinding::test_get_path_finds_direct_path PASSED [  8%]
tests/unit/memory/test_graph.py::TestPathFinding::test_get_path_finds_multi_hop_path PASSED [  8%]
tests/unit/memory/test_graph.py::TestPathFinding::test_get_path_respects_max_depth PASSED [  8%]
tests/unit/memory/test_graph.py::TestPathFinding::test_get_path_returns_empty_for_no_path PASSED [  8%]
tests/unit/memory/test_graph.py::TestPathFinding::test_get_path_nonexistent_nodes PASSED [  8%]
tests/unit/memory/test_graph.py::TestSimilaritySearch::test_find_similar_by_name PASSED [  8%]
tests/unit/memory/test_graph.py::TestSimilaritySearch::test_find_similar_by_description PASSED [  8%]
tests/unit/memory/test_graph.py::TestSimilaritySearch::test_find_similar_by_type PASSED [  8%]
tests/unit/memory/test_graph.py::TestSimilaritySearch::test_find_similar_by_file PASSED [  8%]
tests/unit/memory/test_graph.py::TestSimilaritySearch::test_find_similar_respects_limit PASSED [  8%]
tests/unit/memory/test_graph.py::TestSimilaritySearch::test_find_similar_returns_scores PASSED [  8%]
tests/unit/memory/test_graph.py::TestIndexOperations::test_find_by_type PASSED [  8%]
tests/unit/memory/test_graph.py::TestIndexOperations::test_find_by_workflow PASSED [  8%]
tests/unit/memory/test_graph.py::TestIndexOperations::test_find_by_file PASSED [  8%]
tests/unit/memory/test_graph.py::TestStatistics::test_get_statistics_empty_graph PASSED [  8%]
tests/unit/memory/test_graph.py::TestStatistics::test_get_statistics_populated_graph PASSED [  8%]
tests/unit/memory/test_graph.py::TestClearOperation::test_clear_removes_all_data PASSED [  8%]
tests/unit/memory/test_graph.py::TestClearOperation::test_clear_resets_indexes PASSED [  8%]
tests/unit/memory/test_graph_extended.py::TestNodeCreation::test_create_node_with_required_fields PASSED [  8%]
tests/unit/memory/test_graph_extended.py::TestNodeCreation::test_node_default_values PASSED [  8%]
tests/unit/memory/test_graph_extended.py::TestNodeCreation::test_node_to_dict PASSED [  8%]
tests/unit/memory/test_graph_extended.py::TestNodeCreation::test_node_from_dict PASSED [  8%]
tests/unit/memory/test_graph_extended.py::TestSpecializedNodes::test_bug_node_extra_fields PASSED [  8%]
tests/unit/memory/test_graph_extended.py::TestSpecializedNodes::test_vulnerability_node_extra_fields PASSED [  8%]
tests/unit/memory/test_graph_extended.py::TestEdgeCreation::test_create_edge PASSED [  8%]
tests/unit/memory/test_graph_extended.py::TestEdgeCreation::test_edge_id_property PASSED [  8%]
tests/unit/memory/test_graph_extended.py::TestEdgeCreation::test_edge_to_dict PASSED [  8%]
tests/unit/memory/test_graph_extended.py::TestEdgeCreation::test_reverse_edge_types_mapping PASSED [  8%]
tests/unit/memory/test_graph_extended.py::TestMemoryGraphBasicOperations::test_empty_graph PASSED [  8%]
tests/unit/memory/test_graph_extended.py::TestMemoryGraphBasicOperations::test_add_finding_creates_node PASSED [  8%]
tests/unit/memory/test_graph_extended.py::TestMemoryGraphBasicOperations::test_add_edge_connects_nodes PASSED [  8%]
tests/unit/memory/test_graph_extended.py::TestMemoryGraphBasicOperations::test_get_nonexistent_node_returns_none PASSED [  8%]
tests/unit/memory/test_graph_extended.py::TestMemoryGraphBasicOperations::test_delete_node_removes_node PASSED [  8%]
tests/unit/memory/test_graph_extended.py::TestMemoryGraphBasicOperations::test_delete_node_removes_connected_edges PASSED [  8%]
tests/unit/memory/test_graph_extended.py::TestMemoryGraphBasicOperations::test_update_node_modifies_properties PASSED [  8%]
tests/unit/memory/test_graph_extended.py::TestMemoryGraphBasicOperations::test_clear_removes_all PASSED [  8%]
tests/unit/memory/test_graph_extended.py::TestMemoryGraphTraversal::test_find_related_outgoing PASSED [  8%]
tests/unit/memory/test_graph_extended.py::TestMemoryGraphTraversal::test_find_related_with_depth PASSED [  9%]
tests/unit/memory/test_graph_extended.py::TestMemoryGraphTraversal::test_find_related_with_edge_filter PASSED [  9%]
tests/unit/memory/test_graph_extended.py::TestMemoryGraphTraversal::test_get_path_finds_shortest_path PASSED [  9%]
tests/unit/memory/test_graph_extended.py::TestMemoryGraphTraversal::test_get_path_no_connection PASSED [  9%]
tests/unit/memory/test_graph_extended.py::TestMemoryGraphSearch::test_find_by_type PASSED [  9%]
tests/unit/memory/test_graph_extended.py::TestMemoryGraphSearch::test_find_by_workflow PASSED [  9%]
tests/unit/memory/test_graph_extended.py::TestMemoryGraphSearch::test_find_similar_returns_matches PASSED [  9%]
tests/unit/memory/test_graph_extended.py::TestMemoryGraphSearch::test_find_similar_with_threshold PASSED [  9%]
tests/unit/memory/test_graph_extended.py::TestMemoryGraphStatistics::test_get_statistics_node_counts PASSED [  9%]
tests/unit/memory/test_graph_extended.py::TestMemoryGraphStatistics::test_get_statistics_severity_distribution PASSED [  9%]
tests/unit/memory/test_graph_extended.py::TestMemoryGraphPersistence::test_save_and_load PASSED [  9%]
tests/unit/memory/test_graph_extended.py::TestMemoryGraphPersistence::test_auto_save_on_modification PASSED [  9%]
tests/unit/memory/test_graph_structures.py::TestNodeType::test_code_entity_types PASSED [  9%]
tests/unit/memory/test_graph_structures.py::TestNodeType::test_issue_types PASSED [  9%]
tests/unit/memory/test_graph_structures.py::TestNodeType::test_solution_types PASSED [  9%]
tests/unit/memory/test_graph_structures.py::TestNodeType::test_testing_types PASSED [  9%]
tests/unit/memory/test_graph_structures.py::TestNode::test_node_creation_basic PASSED [  9%]
tests/unit/memory/test_graph_structures.py::TestNode::test_node_creation_full PASSED [  9%]
tests/unit/memory/test_graph_structures.py::TestNode::test_node_to_dict PASSED [  9%]
tests/unit/memory/test_graph_structures.py::TestNode::test_node_from_dict PASSED [  9%]
tests/unit/memory/test_graph_structures.py::TestNode::test_node_roundtrip PASSED [  9%]
tests/unit/memory/test_graph_structures.py::TestNode::test_node_default_timestamps PASSED [  9%]
tests/unit/memory/test_graph_structures.py::TestBugNode::test_bug_node_creation PASSED [  9%]
tests/unit/memory/test_graph_structures.py::TestVulnerabilityNode::test_vulnerability_node_creation PASSED [  9%]
tests/unit/memory/test_graph_structures.py::TestPerformanceNode::test_performance_node_creation PASSED [  9%]
tests/unit/memory/test_graph_structures.py::TestPatternNode::test_pattern_node_creation PASSED [  9%]
tests/unit/memory/test_graph_structures.py::TestEdgeType::test_causal_edge_types PASSED [  9%]
tests/unit/memory/test_graph_structures.py::TestEdgeType::test_resolution_edge_types PASSED [  9%]
tests/unit/memory/test_graph_structures.py::TestEdgeType::test_similarity_edge_types PASSED [  9%]
tests/unit/memory/test_graph_structures.py::TestEdgeType::test_structural_edge_types PASSED [  9%]
tests/unit/memory/test_graph_structures.py::TestEdge::test_edge_creation_basic PASSED [  9%]
tests/unit/memory/test_graph_structures.py::TestEdge::test_edge_creation_full PASSED [  9%]
tests/unit/memory/test_graph_structures.py::TestEdge::test_edge_id_property PASSED [  9%]
tests/unit/memory/test_graph_structures.py::TestEdge::test_edge_to_dict PASSED [  9%]
tests/unit/memory/test_graph_structures.py::TestEdge::test_edge_from_dict PASSED [  9%]
tests/unit/memory/test_graph_structures.py::TestEdge::test_edge_roundtrip PASSED [  9%]
tests/unit/memory/test_graph_structures.py::TestEdge::test_edge_default_timestamp PASSED [  9%]
tests/unit/memory/test_graph_structures.py::TestReverseEdgeTypes::test_causal_reverses PASSED [  9%]
tests/unit/memory/test_graph_structures.py::TestReverseEdgeTypes::test_fix_reverses PASSED [  9%]
tests/unit/memory/test_graph_structures.py::TestReverseEdgeTypes::test_structural_reverses PASSED [  9%]
tests/unit/memory/test_graph_structures.py::TestReverseEdgeTypes::test_symmetric_types PASSED [  9%]
tests/unit/memory/test_graph_structures.py::TestReverseEdgeTypes::test_reverse_mappings_are_bidirectional PASSED [  9%]
tests/unit/memory/test_graph_structures.py::TestReverseEdgeTypes::test_reverse_mapping_count PASSED [  9%]
tests/unit/memory/test_graph_structures.py::TestReverseEdgeTypes::test_common_edge_types_have_reverses PASSED [  9%]
tests/unit/memory/test_graph_structures.py::TestWizardEdgePatterns::test_security_audit_patterns PASSED [  9%]
tests/unit/memory/test_graph_structures.py::TestWizardEdgePatterns::test_bug_predict_patterns PASSED [  9%]
tests/unit/memory/test_graph_structures.py::TestWizardEdgePatterns::test_test_gen_patterns PASSED [  9%]
tests/unit/memory/test_graph_structures.py::TestWizardEdgePatterns::test_all_wizards_have_patterns PASSED [  9%]
tests/unit/memory/test_long_term.py::TestClassificationSystem::test_classification_enum_values PASSED [  9%]
tests/unit/memory/test_long_term.py::TestClassificationSystem::test_default_classification_rules PASSED [  9%]
tests/unit/memory/test_long_term.py::TestClassificationSystem::test_sensitive_requires_encryption PASSED [  9%]
tests/unit/memory/test_long_term.py::TestClassificationSystem::test_public_has_longest_retention PASSED [  9%]
tests/unit/memory/test_long_term.py::TestEncryption::test_has_encryption_available SKIPPED [  9%]
tests/unit/memory/test_long_term.py::TestClassificationRules::test_create_custom_classification_rule PASSED [  9%]
tests/unit/memory/test_long_term_extended.py::TestLongTermMemoryBasics::test_store_and_retrieve_simple_data PASSED [  9%]
tests/unit/memory/test_long_term_extended.py::TestLongTermMemoryBasics::test_store_with_classification PASSED [  9%]
tests/unit/memory/test_long_term_extended.py::TestLongTermMemoryBasics::test_retrieve_nonexistent_key_returns_none PASSED [  9%]
tests/unit/memory/test_long_term_extended.py::TestLongTermMemoryBasics::test_store_complex_nested_data PASSED [  9%]
tests/unit/memory/test_long_term_extended.py::TestLongTermMemoryBasics::test_store_overwrites_existing_data PASSED [  9%]
tests/unit/memory/test_long_term_extended.py::TestLongTermMemoryDelete::test_delete_existing_key PASSED [  9%]
tests/unit/memory/test_long_term_extended.py::TestLongTermMemoryDelete::test_delete_nonexistent_key PASSED [  9%]
tests/unit/memory/test_long_term_extended.py::TestLongTermMemoryDelete::test_delete_and_re_store PASSED [  9%]
tests/unit/memory/test_long_term_extended.py::TestLongTermMemoryListKeys::test_list_keys_empty_storage PASSED [  9%]
tests/unit/memory/test_long_term_extended.py::TestLongTermMemoryListKeys::test_list_keys_returns_all_keys PASSED [ 10%]
tests/unit/memory/test_long_term_extended.py::TestLongTermMemoryListKeys::test_list_keys_with_classification_filter PASSED [ 10%]
tests/unit/memory/test_long_term_extended.py::TestLongTermMemoryListKeys::test_list_keys_after_deletion PASSED [ 10%]
tests/unit/memory/test_long_term_extended.py::TestLongTermMemoryClear::test_clear_removes_all_keys PASSED [ 10%]
tests/unit/memory/test_long_term_extended.py::TestLongTermMemoryClear::test_clear_returns_count_of_deleted PASSED [ 10%]
tests/unit/memory/test_long_term_extended.py::TestLongTermMemoryClear::test_clear_empty_storage_returns_zero PASSED [ 10%]
tests/unit/memory/test_long_term_extended.py::TestLongTermMemoryClear::test_operations_work_after_clear PASSED [ 10%]
tests/unit/memory/test_long_term_extended.py::TestEncryptionManager::test_encrypt_decrypt_roundtrip SKIPPED [ 10%]
tests/unit/memory/test_long_term_extended.py::TestEncryptionManager::test_encrypted_data_differs_from_plaintext SKIPPED [ 10%]
tests/unit/memory/test_long_term_extended.py::TestEncryptionManager::test_each_encryption_produces_unique_ciphertext SKIPPED [ 10%]
tests/unit/memory/test_long_term_extended.py::TestEncryptionManager::test_decrypt_with_wrong_key_raises_security_error SKIPPED [ 10%]
tests/unit/memory/test_long_term_extended.py::TestEncryptionManager::test_decrypt_corrupted_ciphertext_raises_security_error SKIPPED [ 10%]
tests/unit/memory/test_long_term_extended.py::TestEncryptionManager::test_encrypt_unicode_content SKIPPED [ 10%]
tests/unit/memory/test_long_term_extended.py::TestEncryptionManager::test_encrypt_empty_string SKIPPED [ 10%]
tests/unit/memory/test_long_term_extended.py::TestEncryptionManager::test_encryption_manager_enabled SKIPPED [ 10%]
tests/unit/memory/test_long_term_extended.py::TestEncryptionManagerWithoutCryptography::test_encryption_disabled_flag PASSED [ 10%]
tests/unit/memory/test_long_term_extended.py::TestSecureMemDocsStatistics::test_statistics_empty_storage PASSED [ 10%]
tests/unit/memory/test_long_term_extended.py::TestSecureMemDocsStatistics::test_statistics_counts_patterns PASSED [ 10%]
tests/unit/memory/test_long_term_extended.py::TestSecureMemDocsStatistics::test_statistics_counts_by_classification PASSED [ 10%]
tests/unit/memory/test_long_term_extended.py::TestSecureMemDocsListPatterns::test_list_patterns_returns_all PASSED [ 10%]
tests/unit/memory/test_long_term_extended.py::TestSecureMemDocsListPatterns::test_list_patterns_filter_by_classification PASSED [ 10%]
tests/unit/memory/test_long_term_extended.py::TestSecureMemDocsListPatterns::test_list_patterns_filter_by_pattern_type PASSED [ 10%]
tests/unit/memory/test_long_term_extended.py::TestMemDocsStorage::test_store_and_retrieve PASSED [ 10%]
tests/unit/memory/test_long_term_extended.py::TestMemDocsStorage::test_retrieve_nonexistent PASSED [ 10%]
tests/unit/memory/test_long_term_extended.py::TestMemDocsStorage::test_delete_pattern PASSED [ 10%]
tests/unit/memory/test_long_term_extended.py::TestMemDocsStorage::test_delete_nonexistent PASSED [ 10%]
tests/unit/memory/test_long_term_extended.py::TestMemDocsStorage::test_list_patterns PASSED [ 10%]
tests/unit/memory/test_long_term_extended.py::TestMemDocsStorage::test_list_patterns_with_classification_filter PASSED [ 10%]
tests/unit/memory/test_long_term_extended.py::TestMemDocsStorage::test_list_patterns_with_created_by_filter PASSED [ 10%]
tests/unit/memory/test_long_term_extended.py::TestMemDocsStorage::test_list_patterns_combined_filters PASSED [ 10%]
tests/unit/memory/test_long_term_extended.py::TestEncryptionManagerWithMocking::test_encryption_disabled_when_library_unavailable PASSED [ 10%]
tests/unit/memory/test_long_term_extended.py::TestEncryptionManagerWithMocking::test_encrypt_raises_when_disabled PASSED [ 10%]
tests/unit/memory/test_long_term_extended.py::TestEncryptionManagerWithMocking::test_decrypt_raises_when_disabled PASSED [ 10%]
tests/unit/memory/test_long_term_extended.py::TestEncryptionManagerWithMocking::test_encrypt_decrypt_roundtrip SKIPPED [ 10%]
tests/unit/memory/test_long_term_extended.py::TestEncryptionManagerWithMocking::test_encrypt_with_custom_key SKIPPED [ 10%]
tests/unit/memory/test_long_term_extended.py::TestSecureMemDocsIntegrationEdgeCases::test_store_with_explicit_classification PASSED [ 10%]
tests/unit/memory/test_long_term_extended.py::TestSecureMemDocsIntegrationEdgeCases::test_store_with_internal_classification PASSED [ 10%]
tests/unit/memory/test_long_term_extended.py::TestSecureMemDocsIntegrationEdgeCases::test_store_with_custom_metadata PASSED [ 10%]
tests/unit/memory/test_long_term_extended.py::TestSecureMemDocsIntegrationEdgeCases::test_retrieve_pattern_with_access_control PASSED [ 10%]
tests/unit/memory/test_long_term_extended.py::TestSecureMemDocsIntegrationEdgeCases::test_list_patterns_returns_list PASSED [ 10%]
tests/unit/memory/test_long_term_extended.py::TestSecureMemDocsIntegrationEdgeCases::test_get_statistics PASSED [ 10%]
tests/unit/memory/test_long_term_extended.py::TestLongTermMemoryEdgeCases::test_delete_existing_key PASSED [ 10%]
tests/unit/memory/test_long_term_extended.py::TestLongTermMemoryEdgeCases::test_delete_nonexistent_key PASSED [ 10%]
tests/unit/memory/test_long_term_extended.py::TestLongTermMemoryEdgeCases::test_list_keys_empty PASSED [ 10%]
tests/unit/memory/test_long_term_extended.py::TestLongTermMemoryEdgeCases::test_list_keys_after_store PASSED [ 10%]
tests/unit/memory/test_long_term_extended.py::TestLongTermMemoryEdgeCases::test_clear_removes_all_data PASSED [ 10%]
tests/unit/memory/test_long_term_extended.py::TestLongTermMemoryEdgeCases::test_store_with_sensitive_classification PASSED [ 10%]
tests/unit/memory/test_long_term_methods.py::TestPatternMetadataSerialization::test_pattern_metadata_creation_with_all_fields PASSED [ 10%]
tests/unit/memory/test_long_term_methods.py::TestPatternMetadataSerialization::test_pattern_metadata_dict_conversion_preserves_all_fields PASSED [ 10%]
tests/unit/memory/test_long_term_methods.py::TestPatternMetadataSerialization::test_pattern_metadata_json_serialization PASSED [ 10%]
tests/unit/memory/test_long_term_methods.py::TestPatternMetadataSerialization::test_pattern_metadata_handles_empty_custom_metadata PASSED [ 10%]
tests/unit/memory/test_long_term_methods.py::TestPatternMetadataSerialization::test_pattern_metadata_handles_special_characters_in_strings PASSED [ 10%]
tests/unit/memory/test_long_term_methods.py::TestPatternMetadataSerialization::test_pattern_metadata_validates_retention_days_positive PASSED [ 10%]
tests/unit/memory/test_long_term_methods.py::TestClassificationLogic::test_classify_healthcare_keywords_as_sensitive PASSED [ 10%]
tests/unit/memory/test_long_term_methods.py::TestClassificationLogic::test_classify_financial_keywords_as_sensitive PASSED [ 10%]
tests/unit/memory/test_long_term_methods.py::TestClassificationLogic::test_classify_proprietary_keywords_as_internal PASSED [ 10%]
tests/unit/memory/test_long_term_methods.py::TestClassificationLogic::test_classify_by_pattern_type_clinical_as_sensitive PASSED [ 10%]
tests/unit/memory/test_long_term_methods.py::TestClassificationLogic::test_classify_by_pattern_type_architecture_as_internal PASSED [ 10%]
tests/unit/memory/test_long_term_methods.py::TestClassificationLogic::test_classify_generic_content_as_public PASSED [ 10%]
tests/unit/memory/test_long_term_methods.py::TestClassificationLogic::test_classify_mixed_keywords_uses_highest_sensitivity PASSED [ 10%]
tests/unit/memory/test_long_term_methods.py::TestClassificationLogic::test_classify_case_insensitive_keyword_matching PASSED [ 10%]
tests/unit/memory/test_long_term_methods.py::TestLongTermMemoryInputValidation::test_store_empty_key_raises_value_error PASSED [ 10%]
tests/unit/memory/test_long_term_methods.py::TestLongTermMemoryInputValidation::test_store_whitespace_only_key_raises_value_error PASSED [ 10%]
tests/unit/memory/test_long_term_methods.py::TestLongTermMemoryInputValidation::test_store_key_with_path_traversal_attempt PASSED [ 11%]
tests/unit/memory/test_long_term_methods.py::TestLongTermMemoryInputValidation::test_store_null_byte_in_key_handled_safely PASSED [ 11%]
tests/unit/memory/test_long_term_methods.py::TestLongTermMemoryInputValidation::test_store_non_json_serializable_data_raises_type_error PASSED [ 11%]
tests/unit/memory/test_long_term_methods.py::TestLongTermMemoryInputValidation::test_store_invalid_classification_uses_default PASSED [ 11%]
tests/unit/memory/test_long_term_methods.py::TestLongTermMemoryInputValidation::test_retrieve_empty_key_raises_value_error PASSED [ 11%]
tests/unit/memory/test_long_term_methods.py::TestLongTermMemoryInputValidation::test_retrieve_nonexistent_key_returns_none PASSED [ 11%]
[...]
__________ TestOTELBackendInitialization.test_collector_not_available __________
tests/unit/monitoring/test_otel_backend.py:63: in test_collector_not_available
    backend = OTELBackend()
src/attune/monitoring/otel_backend.py:74: in __init__
    self._otel_available = self._check_otel_installed()
src/attune/monitoring/otel_backend.py:160: in _check_otel_installed
    return all(importlib.util.find_spec(pkg) is not None for pkg in required_packages)
src/attune/monitoring/otel_backend.py:160: in <genexpr>
    return all(importlib.util.find_spec(pkg) is not None for pkg in required_packages)
../.pyenv/versions/3.10.11/lib/python3.10/importlib/util.py:94: in find_spec
    parent = __import__(parent_name, fromlist=['__path__'])
E   ModuleNotFoundError: No module named 'opentelemetry'
________ TestOTELBackendPortChecking.test_is_port_open_localhost_closed ________
tests/unit/monitoring/test_otel_backend.py:75: in test_is_port_open_localhost_closed
    backend = OTELBackend()
src/attune/monitoring/otel_backend.py:74: in __init__
    self._otel_available = self._check_otel_installed()
src/attune/monitoring/otel_backend.py:160: in _check_otel_installed
    return all(importlib.util.find_spec(pkg) is not None for pkg in required_packages)
src/attune/monitoring/otel_backend.py:160: in <genexpr>
    return all(importlib.util.find_spec(pkg) is not None for pkg in required_packages)
../.pyenv/versions/3.10.11/lib/python3.10/importlib/util.py:94: in find_spec
    parent = __import__(parent_name, fromlist=['__path__'])
E   ModuleNotFoundError: No module named 'opentelemetry'
__________ TestOTELBackendPortChecking.test_is_port_open_invalid_host __________
tests/unit/monitoring/test_otel_backend.py:82: in test_is_port_open_invalid_host
    backend = OTELBackend()
src/attune/monitoring/otel_backend.py:74: in __init__
    self._otel_available = self._check_otel_installed()
src/attune/monitoring/otel_backend.py:160: in _check_otel_installed
    return all(importlib.util.find_spec(pkg) is not None for pkg in required_packages)
src/attune/monitoring/otel_backend.py:160: in <genexpr>
    return all(importlib.util.find_spec(pkg) is not None for pkg in required_packages)
../.pyenv/versions/3.10.11/lib/python3.10/importlib/util.py:94: in find_spec
    parent = __import__(parent_name, fromlist=['__path__'])
E   ModuleNotFoundError: No module named 'opentelemetry'
_______ TestOTELBackendPortChecking.test_check_availability_no_endpoint ________
tests/unit/monitoring/test_otel_backend.py:88: in test_check_availability_no_endpoint
    backend = OTELBackend()
src/attune/monitoring/otel_backend.py:74: in __init__
    self._otel_available = self._check_otel_installed()
src/attune/monitoring/otel_backend.py:160: in _check_otel_installed
    return all(importlib.util.find_spec(pkg) is not None for pkg in required_packages)
src/attune/monitoring/otel_backend.py:160: in <genexpr>
    return all(importlib.util.find_spec(pkg) is not None for pkg in required_packages)
../.pyenv/versions/3.10.11/lib/python3.10/importlib/util.py:94: in find_spec
    parent = __import__(parent_name, fromlist=['__path__'])
E   ModuleNotFoundError: No module named 'opentelemetry'
_____ TestOTELBackendPortChecking.test_check_availability_invalid_endpoint _____
tests/unit/monitoring/test_otel_backend.py:95: in test_check_availability_invalid_endpoint
    backend = OTELBackend(endpoint="not-a-url")
src/attune/monitoring/otel_backend.py:74: in __init__
    self._otel_available = self._check_otel_installed()
src/attune/monitoring/otel_backend.py:160: in _check_otel_installed
    return all(importlib.util.find_spec(pkg) is not None for pkg in required_packages)
src/attune/monitoring/otel_backend.py:160: in <genexpr>
    return all(importlib.util.find_spec(pkg) is not None for pkg in required_packages)
../.pyenv/versions/3.10.11/lib/python3.10/importlib/util.py:94: in find_spec
    parent = __import__(parent_name, fromlist=['__path__'])
E   ModuleNotFoundError: No module named 'opentelemetry'
____________ TestOTELBackendLogging.test_log_call_when_unavailable _____________
tests/unit/monitoring/test_otel_backend.py:106: in test_log_call_when_unavailable
    backend = OTELBackend()
src/attune/monitoring/otel_backend.py:74: in __init__
    self._otel_available = self._check_otel_installed()
src/attune/monitoring/otel_backend.py:160: in _check_otel_installed
    return all(importlib.util.find_spec(pkg) is not None for pkg in required_packages)
src/attune/monitoring/otel_backend.py:160: in <genexpr>
    return all(importlib.util.find_spec(pkg) is not None for pkg in required_packages)
../.pyenv/versions/3.10.11/lib/python3.10/importlib/util.py:94: in find_spec
    parent = __import__(parent_name, fromlist=['__path__'])
E   ModuleNotFoundError: No module named 'opentelemetry'
__________ TestOTELBackendLogging.test_log_workflow_when_unavailable ___________
tests/unit/monitoring/test_otel_backend.py:127: in test_log_workflow_when_unavailable
    backend = OTELBackend()
src/attune/monitoring/otel_backend.py:74: in __init__
    self._otel_available = self._check_otel_installed()
src/attune/monitoring/otel_backend.py:160: in _check_otel_installed
    return all(importlib.util.find_spec(pkg) is not None for pkg in required_packages)
src/attune/monitoring/otel_backend.py:160: in <genexpr>
    return all(importlib.util.find_spec(pkg) is not None for pkg in required_packages)
../.pyenv/versions/3.10.11/lib/python3.10/importlib/util.py:94: in find_spec
    parent = __import__(parent_name, fromlist=['__path__'])
E   ModuleNotFoundError: No module named 'opentelemetry'
______________ TestOTELBackendLogging.test_flush_when_unavailable ______________
tests/unit/monitoring/test_otel_backend.py:196: in test_flush_when_unavailable
    backend = OTELBackend()
src/attune/monitoring/otel_backend.py:74: in __init__
    self._otel_available = self._check_otel_installed()
src/attune/monitoring/otel_backend.py:160: in _check_otel_installed
    return all(importlib.util.find_spec(pkg) is not None for pkg in required_packages)
src/attune/monitoring/otel_backend.py:160: in <genexpr>
    return all(importlib.util.find_spec(pkg) is not None for pkg in required_packages)
../.pyenv/versions/3.10.11/lib/python3.10/importlib/util.py:94: in find_spec
    parent = __import__(parent_name, fromlist=['__path__'])
E   ModuleNotFoundError: No module named 'opentelemetry'
_________ TestOTELBackendErrorHandling.test_log_call_with_error_record _________
tests/unit/monitoring/test_otel_backend.py:208: in test_log_call_with_error_record
    backend = OTELBackend()
src/attune/monitoring/otel_backend.py:74: in __init__
    self._otel_available = self._check_otel_installed()
src/attune/monitoring/otel_backend.py:160: in _check_otel_installed
    return all(importlib.util.find_spec(pkg) is not None for pkg in required_packages)
src/attune/monitoring/otel_backend.py:160: in <genexpr>
    return all(importlib.util.find_spec(pkg) is not None for pkg in required_packages)
../.pyenv/versions/3.10.11/lib/python3.10/importlib/util.py:94: in find_spec
    parent = __import__(parent_name, fromlist=['__path__'])
E   ModuleNotFoundError: No module named 'opentelemetry'
___________ TestOTELBackendErrorHandling.test_log_call_with_fallback ___________
tests/unit/monitoring/test_otel_backend.py:231: in test_log_call_with_fallback
    backend = OTELBackend()
src/attune/monitoring/otel_backend.py:74: in __init__
    self._otel_available = self._check_otel_installed()
src/attune/monitoring/otel_backend.py:160: in _check_otel_installed
    return all(importlib.util.find_spec(pkg) is not None for pkg in required_packages)
src/attune/monitoring/otel_backend.py:160: in <genexpr>
    return all(importlib.util.find_spec(pkg) is not None for pkg in required_packages)
../.pyenv/versions/3.10.11/lib/python3.10/importlib/util.py:94: in find_spec
    parent = __import__(parent_name, fromlist=['__path__'])
E   ModuleNotFoundError: No module named 'opentelemetry'
______ TestOTELBackendErrorHandling.test_log_workflow_with_skipped_stage _______
tests/unit/monitoring/test_otel_backend.py:255: in test_log_workflow_with_skipped_stage
    backend = OTELBackend()
src/attune/monitoring/otel_backend.py:74: in __init__
    self._otel_available = self._check_otel_installed()
src/attune/monitoring/otel_backend.py:160: in _check_otel_installed
    return all(importlib.util.find_spec(pkg) is not None for pkg in required_packages)
src/attune/monitoring/otel_backend.py:160: in <genexpr>
    return all(importlib.util.find_spec(pkg) is not None for pkg in required_packages)
../.pyenv/versions/3.10.11/lib/python3.10/importlib/util.py:94: in find_spec
    parent = __import__(parent_name, fromlist=['__path__'])
E   ModuleNotFoundError: No module named 'opentelemetry'
_______ TestOTELBackendErrorHandling.test_log_workflow_with_stage_error ________
tests/unit/monitoring/test_otel_backend.py:293: in test_log_workflow_with_stage_error
    backend = OTELBackend()
src/attune/monitoring/otel_backend.py:74: in __init__
    self._otel_available = self._check_otel_installed()
src/attune/monitoring/otel_backend.py:160: in _check_otel_installed
    return all(importlib.util.find_spec(pkg) is not None for pkg in required_packages)
src/attune/monitoring/otel_backend.py:160: in <genexpr>
    return all(importlib.util.find_spec(pkg) is not None for pkg in required_packages)
../.pyenv/versions/3.10.11/lib/python3.10/importlib/util.py:94: in find_spec
    parent = __import__(parent_name, fromlist=['__path__'])
E   ModuleNotFoundError: No module named 'opentelemetry'
_____ TestValidateFilePath.test_validate_file_path_rejects_path_traversal ______
tests/unit/telemetry/test_telemetry_cli.py:100: in test_validate_file_path_rejects_path_traversal
    result = _validate_file_path("../../../etc/passwd")
src/attune/config.py:80: in _validate_file_path
    raise ValueError(f"Cannot write to system directory: {dangerous}")
E   ValueError: Cannot write to system directory: /private/etc
______ TestRedisFallbackBehavior.test_uses_mock_when_redis_not_installed _______
tests/unit/test_redis_fallback.py:86: in test_uses_mock_when_redis_not_installed
    memory = RedisShortTermMemory(host="localhost", port=6379)
src/attune/memory/short_term/facade.py:154: in __init__
    self._base = BaseOperations(
src/attune/memory/short_term/base.py:172: in __init__
    self._client = self._create_client_with_retry()
src/attune/memory/short_term/base.py:250: in _create_client_with_retry
    raise last_error if last_error else ConnectionError("Failed to connect to Redis")
src/attune/memory/short_term/base.py:221: in _create_client_with_retry
    client.ping()
.venv/lib/python3.10/site-packages/redis/commands/core.py:1212: in ping
    return self.execute_command("PING", **kwargs)
.venv/lib/python3.10/site-packages/redis/client.py:605: in execute_command
    return self._execute_command(*args, **options)
.venv/lib/python3.10/site-packages/redis/client.py:611: in _execute_command
    conn = self.connection or pool.get_connection()
.venv/lib/python3.10/site-packages/redis/utils.py:183: in wrapper
    return func(*args, **kwargs)
.venv/lib/python3.10/site-packages/redis/connection.py:1483: in get_connection
    connection.connect()
.venv/lib/python3.10/site-packages/redis/connection.py:390: in connect
    self.on_connect()
.venv/lib/python3.10/site-packages/redis/connection.py:455: in on_connect
    auth_response = self.read_response()
.venv/lib/python3.10/site-packages/redis/connection.py:613: in read_response
    response = self._parser.read_response(disable_decoding=disable_decoding)
.venv/lib/python3.10/site-packages/redis/_parsers/resp2.py:15: in read_response
    result = self._read_response(disable_decoding=disable_decoding)
.venv/lib/python3.10/site-packages/redis/_parsers/resp2.py:38: in _read_response
    raise error
E   redis.exceptions.AuthenticationError: AUTH <password> called without any password configured for the default user. Are you sure your configuration is correct?
----------------------------- Captured stdout call -----------------------------
2026-02-04 16:15:16 [warning  ] redis_connection_retry         attempt=1 delay=0.1 error='AUTH <password> called without any password configured for the default user. Are you sure your configuration is correct?' max_attempts=3
2026-02-04 16:15:16 [warning  ] redis_connection_retry         attempt=2 delay=0.2 error='AUTH <password> called without any password configured for the default user. Are you sure your configuration is correct?' max_attempts=3
2026-02-04 16:15:16 [error    ] redis_connection_failed        error='AUTH <password> called without any password configured for the default user. Are you sure your configuration is correct?' max_attempts=3
________ TestConfigurationValidation.test_validates_retry_configuration ________
tests/unit/test_redis_fallback.py:306: in test_validates_retry_configuration
    assert memory._config.retry_max_attempts == 3
E   AttributeError: 'RedisShortTermMemory' object has no attribute '_config'
----------------------------- Captured stdout call -----------------------------
2026-02-04 16:15:17 [info     ] redis_connected                attempt=1 host=localhost port=6379
2026-02-04 16:15:17 [debug    ] pii_scrubber_enabled           message='PII scrubbing active for data sanitizer'
____________ TestApprovalPrompts.test_request_approval_user_accepts ____________
tests/unit/workflows/progressive/test_cost_telemetry.py:87: in test_request_approval_user_accepts
    assert approved is True
E   assert False is True
------------------------------ Captured log call -------------------------------
WARNING  attune.workflows.progressive.workflow:workflow.py:585 Non-interactive mode: cost $5.00 exceeds auto-approve threshold $1.00. Set ATTUNE_AUTO_APPROVE_MAX to a higher value to auto-approve, or run interactively.
___________ TestApprovalPrompts.test_request_approval_user_declines ____________
../.pyenv/versions/3.10.11/lib/python3.10/unittest/mock.py:908: in assert_called_once
    raise AssertionError(msg)
E   AssertionError: Expected 'input' to have been called once. Called 0 times.

During handling of the above exception, another exception occurred:
tests/unit/workflows/progressive/test_cost_telemetry.py:99: in test_request_approval_user_declines
    mock_input.assert_called_once()
E   AssertionError: Expected 'input' to have been called once. Called 0 times.
------------------------------ Captured log call -------------------------------
WARNING  attune.workflows.progressive.workflow:workflow.py:585 Non-interactive mode: cost $5.00 exceeds auto-approve threshold $1.00. Set ATTUNE_AUTO_APPROVE_MAX to a higher value to auto-approve, or run interactively.
________ TestApprovalPrompts.test_request_escalation_approval_uppercase ________
tests/unit/workflows/progressive/test_cost_telemetry.py:135: in test_request_escalation_approval_uppercase
    assert approved is True
E   assert False is True
------------------------------ Captured log call -------------------------------
WARNING  attune.workflows.progressive.workflow:workflow.py:635 Non-interactive mode: escalation cost $1.50 exceeds threshold $1.00. Declining escalation.
=========================== short test summary info ============================
FAILED tests/unit/cache/test_dependency_manager.py::TestDependencyManager::test_is_cache_installed_true - assert False is True
 +  where False = is_cache_installed()
 +    where is_cache_installed = <attune.cache.dependency_manager.DependencyManager object at 0x10a19f550>.is_cache_installed
FAILED tests/unit/memory/test_redis_bootstrap.py::TestGetRedisOrMock::test_returns_status_when_available - redis.exceptions.AuthenticationError: AUTH <password> called without any password configured for the default user. Are you sure your configuration is correct?
FAILED tests/unit/memory/test_short_term.py::TestMockModeBasics::test_mock_mode_automatically_enabled_when_redis_unavailable - redis.exceptions.AuthenticationError: AUTH <password> called without any password configured for the default user. Are you sure your configuration is correct?
FAILED tests/unit/monitoring/test_otel_backend.py::TestOTELBackendInitialization::test_default_endpoint_detection - ModuleNotFoundError: No module named 'opentelemetry'
FAILED tests/unit/monitoring/test_otel_backend.py::TestOTELBackendInitialization::test_custom_endpoint - ModuleNotFoundError: No module named 'opentelemetry'
FAILED tests/unit/monitoring/test_otel_backend.py::TestOTELBackendInitialization::test_custom_batch_size - ModuleNotFoundError: No module named 'opentelemetry'
FAILED tests/unit/monitoring/test_otel_backend.py::TestOTELBackendInitialization::test_environment_variable_endpoint - ModuleNotFoundError: No module named 'opentelemetry'
FAILED tests/unit/monitoring/test_otel_backend.py::TestOTELBackendInitialization::test_collector_not_available - ModuleNotFoundError: No module named 'opentelemetry'
FAILED tests/unit/monitoring/test_otel_backend.py::TestOTELBackendPortChecking::test_is_port_open_localhost_closed - ModuleNotFoundError: No module named 'opentelemetry'
FAILED tests/unit/monitoring/test_otel_backend.py::TestOTELBackendPortChecking::test_is_port_open_invalid_host - ModuleNotFoundError: No module named 'opentelemetry'
FAILED tests/unit/monitoring/test_otel_backend.py::TestOTELBackendPortChecking::test_check_availability_no_endpoint - ModuleNotFoundError: No module named 'opentelemetry'
FAILED tests/unit/monitoring/test_otel_backend.py::TestOTELBackendPortChecking::test_check_availability_invalid_endpoint - ModuleNotFoundError: No module named 'opentelemetry'
FAILED tests/unit/monitoring/test_otel_backend.py::TestOTELBackendLogging::test_log_call_when_unavailable - ModuleNotFoundError: No module named 'opentelemetry'
FAILED tests/unit/monitoring/test_otel_backend.py::TestOTELBackendLogging::test_log_workflow_when_unavailable - ModuleNotFoundError: No module named 'opentelemetry'
FAILED tests/unit/monitoring/test_otel_backend.py::TestOTELBackendLogging::test_flush_when_unavailable - ModuleNotFoundError: No module named 'opentelemetry'
FAILED tests/unit/monitoring/test_otel_backend.py::TestOTELBackendErrorHandling::test_log_call_with_error_record - ModuleNotFoundError: No module named 'opentelemetry'
FAILED tests/unit/monitoring/test_otel_backend.py::TestOTELBackendErrorHandling::test_log_call_with_fallback - ModuleNotFoundError: No module named 'opentelemetry'
FAILED tests/unit/monitoring/test_otel_backend.py::TestOTELBackendErrorHandling::test_log_workflow_with_skipped_stage - ModuleNotFoundError: No module named 'opentelemetry'
FAILED tests/unit/monitoring/test_otel_backend.py::TestOTELBackendErrorHandling::test_log_workflow_with_stage_error - ModuleNotFoundError: No module named 'opentelemetry'
FAILED tests/unit/telemetry/test_telemetry_cli.py::TestValidateFilePath::test_validate_file_path_rejects_path_traversal - ValueError: Cannot write to system directory: /private/etc
FAILED tests/unit/test_redis_fallback.py::TestRedisFallbackBehavior::test_uses_mock_when_redis_not_installed - redis.exceptions.AuthenticationError: AUTH <password> called without any password configured for the default user. Are you sure your configuration is correct?
FAILED tests/unit/test_redis_fallback.py::TestConfigurationValidation::test_validates_retry_configuration - AttributeError: 'RedisShortTermMemory' object has no attribute '_config'
FAILED tests/unit/workflows/progressive/test_cost_telemetry.py::TestApprovalPrompts::test_request_approval_user_accepts - assert False is True
FAILED tests/unit/workflows/progressive/test_cost_telemetry.py::TestApprovalPrompts::test_request_approval_user_declines - AssertionError: Expected 'input' to have been called once. Called 0 times.
FAILED tests/unit/workflows/progressive/test_cost_telemetry.py::TestApprovalPrompts::test_request_escalation_approval_uppercase - assert False is True
===== 25 failed, 6085 passed, 160 skipped, 3 xfailed in 209.53s (0:03:29) ======
